#
# There is insufficient memory for the Java Runtime Environment to continue.
# Native memory allocation (mmap) failed to map 3969024 bytes for committing reserved memory.
# Possible reasons:
#   The system is out of physical RAM or swap space
#   In 32 bit mode, the process size limit was hit
# Possible solutions:
#   Reduce memory load on the system
#   Increase physical memory or swap space
#   Check if swap backing store is full
#   Use 64 bit Java on a 64 bit OS
#   Decrease Java heap size (-Xmx/-Xms)
#   Decrease number of Java threads
#   Decrease Java thread stack sizes (-Xss)
#   Set larger code cache with -XX:ReservedCodeCacheSize=
# This output file may be truncated or incomplete.
#
#  Out of Memory Error (os_linux.cpp:2643), pid=28411, tid=0x00007f6b8889a700
#
# JRE version: OpenJDK Runtime Environment (8.0_181-b13) (build 1.8.0_181-8u181-b13-1~deb9u1-b13)
# Java VM: OpenJDK 64-Bit Server VM (25.181-b13 mixed mode linux-amd64 compressed oops)
# Failed to write core dump. Core dumps have been disabled. To enable core dumping, try "ulimit -c unlimited" before starting Java again
#

---------------  T H R E A D  ---------------

Current thread (0x00007f6b84079000):  VMThread [stack: 0x00007f6b8879a000,0x00007f6b8889b000] [id=28426]

Stack: [0x00007f6b8879a000,0x00007f6b8889b000],  sp=0x00007f6b88899530,  free space=1021k
Native frames: (J=compiled Java code, j=interpreted, Vv=VM code, C=native code)
V  [libjvm.so+0xa74020]
V  [libjvm.so+0x4c9abc]
V  [libjvm.so+0x8c1d58]
V  [libjvm.so+0x8bc2fe]
V  [libjvm.so+0xa70bd4]
V  [libjvm.so+0x5cccbd]
V  [libjvm.so+0x5cd85d]
V  [libjvm.so+0x5b9a0d]
V  [libjvm.so+0x44f8df]
V  [libjvm.so+0xa75081]
V  [libjvm.so+0xa7af47]
V  [libjvm.so+0xa785f7]
V  [libjvm.so+0xa79a76]
V  [libjvm.so+0xa79f71]
V  [libjvm.so+0x8bf212]

VM_Operation (0x00007f6b8cdc2590): GenCollectForAllocation, mode: safepoint, requested by thread 0x00007f6b84014800


---------------  P R O C E S S  ---------------

Java Threads: ( => current thread )
  0x00007f6b840c6000 JavaThread "Service Thread" daemon [_thread_blocked, id=28432, stack(0x00007f6b74dfe000,0x00007f6b74eff000)]
  0x00007f6b840bb000 JavaThread "C1 CompilerThread1" daemon [_thread_blocked, id=28431, stack(0x00007f6b74eff000,0x00007f6b75000000)]
  0x00007f6b840b9000 JavaThread "C2 CompilerThread0" daemon [_thread_blocked, id=28430, stack(0x00007f6b880fc000,0x00007f6b881fd000)]
  0x00007f6b840b7000 JavaThread "Signal Dispatcher" daemon [_thread_blocked, id=28429, stack(0x00007f6b881fd000,0x00007f6b882fe000)]
  0x00007f6b84085000 JavaThread "Finalizer" daemon [_thread_blocked, id=28428, stack(0x00007f6b88598000,0x00007f6b88699000)]
  0x00007f6b84080800 JavaThread "Reference Handler" daemon [_thread_blocked, id=28427, stack(0x00007f6b88699000,0x00007f6b8879a000)]
  0x00007f6b84014800 JavaThread "main" [_thread_blocked, id=28425, stack(0x00007f6b8ccc4000,0x00007f6b8cdc5000)]

Other Threads:
=>0x00007f6b84079000 VMThread [stack: 0x00007f6b8879a000,0x00007f6b8889b000] [id=28426]
  0x00007f6b840c9000 WatcherThread [stack: 0x00007f6b74cfd000,0x00007f6b74dfe000] [id=28433]

VM state:at safepoint (normal execution)

VM Mutex/Monitor currently owned by a thread:  ([mutex/lock_event])
[0x00007f6b84010fd0] Threads_lock - owner thread: 0x00007f6b84079000
[0x00007f6b840114d0] Heap_lock - owner thread: 0x00007f6b84014800

Heap:
 def new generation   total 3072K, used 0K [0x00000000f6a00000, 0x00000000f6d50000, 0x00000000f9c00000)
  eden space 2752K,   0% used [0x00000000f6a00000, 0x00000000f6a00000, 0x00000000f6cb0000)
  from space 320K,   0% used [0x00000000f6cb0000, 0x00000000f6cb0000, 0x00000000f6d00000)
  to   space 320K,   0% used [0x00000000f6d00000, 0x00000000f6d00000, 0x00000000f6d50000)
 tenured generation   total 7040K, used 6547K [0x00000000f9c00000, 0x00000000fa2e0000, 0x0000000100000000)
   the space 7040K,  93% used [0x00000000f9c00000, 0x00000000fa264da0, 0x00000000fa264e00, 0x00000000fa2e0000)
 Metaspace       used 7472K, capacity 7554K, committed 7680K, reserved 1056768K
  class space    used 942K, capacity 979K, committed 1024K, reserved 1048576K

Card table byte_map: [0x00007f6b8cc70000,0x00007f6b8ccbc000] byte_map_base: 0x00007f6b8c4bb000

Polling page: 0x00007f6b8cdca000

CodeCache: size=245760Kb used=3565Kb max_used=3565Kb free=242194Kb
 bounds [0x00007f6b75000000, 0x00007f6b75380000, 0x00007f6b84000000]
 total_blobs=1135 nmethods=864 adapters=185
 compilation: enabled

Compilation events (10 events):
Event: 12.486 Thread 0x00007f6b840bb000  864       3       java.util.TreeMap::getFirstEntry (26 bytes)
Event: 12.487 Thread 0x00007f6b840bb000 nmethod 864 0x00007f6b7537c750 code [0x00007f6b7537c8c0, 0x00007f6b7537caf0]
Event: 12.487 Thread 0x00007f6b840bb000  863       3       java.util.TreeMap$Values::iterator (19 bytes)
Event: 12.487 Thread 0x00007f6b840bb000 nmethod 863 0x00007f6b7537cbd0 code [0x00007f6b7537cd60, 0x00007f6b7537d270]
Event: 12.487 Thread 0x00007f6b840bb000  865       3       java.util.TreeMap$ValueIterator::<init> (12 bytes)
Event: 12.487 Thread 0x00007f6b840bb000 nmethod 865 0x00007f6b7537d4d0 code [0x00007f6b7537d640, 0x00007f6b7537d8b0]
Event: 12.487 Thread 0x00007f6b840bb000  866       3       java.util.TreeMap$PrivateEntryIterator::<init> (28 bytes)
Event: 12.487 Thread 0x00007f6b840bb000 nmethod 866 0x00007f6b7537d9d0 code [0x00007f6b7537db40, 0x00007f6b7537dd50]
Event: 12.487 Thread 0x00007f6b840bb000  867       3       java.util.TreeMap$ValueIterator::next (8 bytes)
Event: 12.487 Thread 0x00007f6b840bb000 nmethod 867 0x00007f6b7537de50 code [0x00007f6b7537dfc0, 0x00007f6b7537e1c0]

GC Heap History (10 events):
Event: 12.273 GC heap after
Heap after GC invocations=13 (full 0):
 def new generation   total 3072K, used 320K [0x00000000f6a00000, 0x00000000f6d50000, 0x00000000f9c00000)
  eden space 2752K,   0% used [0x00000000f6a00000, 0x00000000f6a00000, 0x00000000f6cb0000)
  from space 320K, 100% used [0x00000000f6d00000, 0x00000000f6d50000, 0x00000000f6d50000)
  to   space 320K,   0% used [0x00000000f6cb0000, 0x00000000f6cb0000, 0x00000000f6d00000)
 tenured generation   total 6848K, used 4329K [0x00000000f9c00000, 0x00000000fa2b0000, 0x0000000100000000)
   the space 6848K,  63% used [0x00000000f9c00000, 0x00000000fa03a558, 0x00000000fa03a600, 0x00000000fa2b0000)
 Metaspace       used 7338K, capacity 7426K, committed 7680K, reserved 1056768K
  class space    used 932K, capacity 979K, committed 1024K, reserved 1048576K
}
Event: 12.310 GC heap before
{Heap before GC invocations=13 (full 0):
 def new generation   total 3072K, used 3072K [0x00000000f6a00000, 0x00000000f6d50000, 0x00000000f9c00000)
  eden space 2752K, 100% used [0x00000000f6a00000, 0x00000000f6cb0000, 0x00000000f6cb0000)
  from space 320K, 100% used [0x00000000f6d00000, 0x00000000f6d50000, 0x00000000f6d50000)
  to   space 320K,   0% used [0x00000000f6cb0000, 0x00000000f6cb0000, 0x00000000f6d00000)
 tenured generation   total 6848K, used 4329K [0x00000000f9c00000, 0x00000000fa2b0000, 0x0000000100000000)
   the space 6848K,  63% used [0x00000000f9c00000, 0x00000000fa03a558, 0x00000000fa03a600, 0x00000000fa2b0000)
 Metaspace       used 7368K, capacity 7490K, committed 7680K, reserved 1056768K
  class space    used 934K, capacity 979K, committed 1024K, reserved 1048576K
Event: 12.313 GC heap after
Heap after GC invocations=14 (full 0):
 def new generation   total 3072K, used 320K [0x00000000f6a00000, 0x00000000f6d50000, 0x00000000f9c00000)
  eden space 2752K,   0% used [0x00000000f6a00000, 0x00000000f6a00000, 0x00000000f6cb0000)
  from space 320K, 100% used [0x00000000f6cb0000, 0x00000000f6d00000, 0x00000000f6d00000)
  to   space 320K,   0% used [0x00000000f6d00000, 0x00000000f6d00000, 0x00000000f6d50000)
 tenured generation   total 6848K, used 4817K [0x00000000f9c00000, 0x00000000fa2b0000, 0x0000000100000000)
   the space 6848K,  70% used [0x00000000f9c00000, 0x00000000fa0b4690, 0x00000000fa0b4800, 0x00000000fa2b0000)
 Metaspace       used 7368K, capacity 7490K, committed 7680K, reserved 1056768K
  class space    used 934K, capacity 979K, committed 1024K, reserved 1048576K
}
Event: 12.359 GC heap before
{Heap before GC invocations=14 (full 0):
 def new generation   total 3072K, used 3072K [0x00000000f6a00000, 0x00000000f6d50000, 0x00000000f9c00000)
  eden space 2752K, 100% used [0x00000000f6a00000, 0x00000000f6cb0000, 0x00000000f6cb0000)
  from space 320K, 100% used [0x00000000f6cb0000, 0x00000000f6d00000, 0x00000000f6d00000)
  to   space 320K,   0% used [0x00000000f6d00000, 0x00000000f6d00000, 0x00000000f6d50000)
 tenured generation   total 6848K, used 4817K [0x00000000f9c00000, 0x00000000fa2b0000, 0x0000000100000000)
   the space 6848K,  70% used [0x00000000f9c00000, 0x00000000fa0b4690, 0x00000000fa0b4800, 0x00000000fa2b0000)
 Metaspace       used 7407K, capacity 7554K, committed 7680K, reserved 1056768K
  class space    used 937K, capacity 979K, committed 1024K, reserved 1048576K
Event: 12.364 GC heap after
Heap after GC invocations=15 (full 0):
 def new generation   total 3072K, used 320K [0x00000000f6a00000, 0x00000000f6d50000, 0x00000000f9c00000)
  eden space 2752K,   0% used [0x00000000f6a00000, 0x00000000f6a00000, 0x00000000f6cb0000)
  from space 320K, 100% used [0x00000000f6d00000, 0x00000000f6d50000, 0x00000000f6d50000)
  to   space 320K,   0% used [0x00000000f6cb0000, 0x00000000f6cb0000, 0x00000000f6d00000)
 tenured generation   total 6848K, used 5388K [0x00000000f9c00000, 0x00000000fa2b0000, 0x0000000100000000)
   the space 6848K,  78% used [0x00000000f9c00000, 0x00000000fa143030, 0x00000000fa143200, 0x00000000fa2b0000)
 Metaspace       used 7407K, capacity 7554K, committed 7680K, reserved 1056768K
  class space    used 937K, capacity 979K, committed 1024K, reserved 1048576K
}
Event: 12.394 GC heap before
{Heap before GC invocations=15 (full 0):
 def new generation   total 3072K, used 3072K [0x00000000f6a00000, 0x00000000f6d50000, 0x00000000f9c00000)
  eden space 2752K, 100% used [0x00000000f6a00000, 0x00000000f6cb0000, 0x00000000f6cb0000)
  from space 320K, 100% used [0x00000000f6d00000, 0x00000000f6d50000, 0x00000000f6d50000)
  to   space 320K,   0% used [0x00000000f6cb0000, 0x00000000f6cb0000, 0x00000000f6d00000)
 tenured generation   total 6848K, used 5388K [0x00000000f9c00000, 0x00000000fa2b0000, 0x0000000100000000)
   the space 6848K,  78% used [0x00000000f9c00000, 0x00000000fa143030, 0x00000000fa143200, 0x00000000fa2b0000)
 Metaspace       used 7436K, capacity 7554K, committed 7680K, reserved 1056768K
  class space    used 938K, capacity 979K, committed 1024K, reserved 1048576K
Event: 12.396 GC heap after
Heap after GC invocations=16 (full 0):
 def new generation   total 3072K, used 319K [0x00000000f6a00000, 0x00000000f6d50000, 0x00000000f9c00000)
  eden space 2752K,   0% used [0x00000000f6a00000, 0x00000000f6a00000, 0x00000000f6cb0000)
  from space 320K,  99% used [0x00000000f6cb0000, 0x00000000f6cffff8, 0x00000000f6d00000)
  to   space 320K,   0% used [0x00000000f6d00000, 0x00000000f6d00000, 0x00000000f6d50000)
 tenured generation   total 6848K, used 5927K [0x00000000f9c00000, 0x00000000fa2b0000, 0x0000000100000000)
   the space 6848K,  86% used [0x00000000f9c00000, 0x00000000fa1c9e78, 0x00000000fa1ca000, 0x00000000fa2b0000)
 Metaspace       used 7436K, capacity 7554K, committed 7680K, reserved 1056768K
  class space    used 938K, capacity 979K, committed 1024K, reserved 1048576K
}
Event: 12.458 GC heap before
{Heap before GC invocations=16 (full 0):
 def new generation   total 3072K, used 3071K [0x00000000f6a00000, 0x00000000f6d50000, 0x00000000f9c00000)
  eden space 2752K, 100% used [0x00000000f6a00000, 0x00000000f6cb0000, 0x00000000f6cb0000)
  from space 320K,  99% used [0x00000000f6cb0000, 0x00000000f6cffff8, 0x00000000f6d00000)
  to   space 320K,   0% used [0x00000000f6d00000, 0x00000000f6d00000, 0x00000000f6d50000)
 tenured generation   total 6848K, used 5927K [0x00000000f9c00000, 0x00000000fa2b0000, 0x0000000100000000)
   the space 6848K,  86% used [0x00000000f9c00000, 0x00000000fa1c9e78, 0x00000000fa1ca000, 0x00000000fa2b0000)
 Metaspace       used 7447K, capacity 7554K, committed 7680K, reserved 1056768K
  class space    used 939K, capacity 979K, committed 1024K, reserved 1048576K
Event: 12.462 GC heap after
Heap after GC invocations=17 (full 0):
 def new generation   total 3072K, used 320K [0x00000000f6a00000, 0x00000000f6d50000, 0x00000000f9c00000)
  eden space 2752K,   0% used [0x00000000f6a00000, 0x00000000f6a00000, 0x00000000f6cb0000)
  from space 320K, 100% used [0x00000000f6d00000, 0x00000000f6d50000, 0x00000000f6d50000)
  to   space 320K,   0% used [0x00000000f6cb0000, 0x00000000f6cb0000, 0x00000000f6d00000)
 tenured generation   total 6848K, used 6448K [0x00000000f9c00000, 0x00000000fa2b0000, 0x0000000100000000)
   the space 6848K,  94% used [0x00000000f9c00000, 0x00000000fa24c058, 0x00000000fa24c200, 0x00000000fa2b0000)
 Metaspace       used 7447K, capacity 7554K, committed 7680K, reserved 1056768K
  class space    used 939K, capacity 979K, committed 1024K, reserved 1048576K
}
Event: 12.491 GC heap before
{Heap before GC invocations=17 (full 0):
 def new generation   total 3072K, used 3072K [0x00000000f6a00000, 0x00000000f6d50000, 0x00000000f9c00000)
  eden space 2752K, 100% used [0x00000000f6a00000, 0x00000000f6cb0000, 0x00000000f6cb0000)
  from space 320K, 100% used [0x00000000f6d00000, 0x00000000f6d50000, 0x00000000f6d50000)
  to   space 320K,   0% used [0x00000000f6cb0000, 0x00000000f6cb0000, 0x00000000f6d00000)
 tenured generation   total 6848K, used 6448K [0x00000000f9c00000, 0x00000000fa2b0000, 0x0000000100000000)
   the space 6848K,  94% used [0x00000000f9c00000, 0x00000000fa24c058, 0x00000000fa24c200, 0x00000000fa2b0000)
 Metaspace       used 7472K, capacity 7554K, committed 7680K, reserved 1056768K
  class space    used 942K, capacity 979K, committed 1024K, reserved 1048576K

Deoptimization events (7 events):
Event: 1.382 Thread 0x00007f6b84014800 Uncommon trap: reason=unstable_if action=reinterpret pc=0x00007f6b75116ac4 method=java.lang.String.indexOf(II)I @ 49
Event: 1.466 Thread 0x00007f6b84014800 Uncommon trap: reason=unstable_if action=reinterpret pc=0x00007f6b7510be9c method=java.lang.String.hashCode()I @ 14
Event: 4.796 Thread 0x00007f6b84014800 Uncommon trap: reason=unstable_if action=reinterpret pc=0x00007f6b751356a0 method=java.lang.String.indexOf([CII[CIII)I @ 134
Event: 12.049 Thread 0x00007f6b84014800 Uncommon trap: reason=unstable_if action=reinterpret pc=0x00007f6b752577d4 method=java.util.HashMap.getNode(ILjava/lang/Object;)Ljava/util/HashMap$Node; @ 62
Event: 12.058 Thread 0x00007f6b84014800 Uncommon trap: reason=unstable_if action=reinterpret pc=0x00007f6b7528c424 method=java.util.HashMap.getNode(ILjava/lang/Object;)Ljava/util/HashMap$Node; @ 129
Event: 12.456 Thread 0x00007f6b84014800 Uncommon trap: reason=class_check action=maybe_recompile pc=0x00007f6b75350b34 method=java.util.LinkedHashMap.afterNodeInsertion(Z)V @ 15
Event: 12.471 Thread 0x00007f6b84014800 Uncommon trap: reason=unstable_if action=reinterpret pc=0x00007f6b7533e540 method=java.lang.Class.searchMethods([Ljava/lang/reflect/Method;Ljava/lang/String;[Ljava/lang/Class;)Ljava/lang/reflect/Method; @ 31

Classes redefined (0 events):
No events

Internal exceptions (9 events):
Event: 0.482 Thread 0x00007f6b84014800 Exception <a 'java/lang/NoSuchMethodError': Method sun.misc.Unsafe.defineClass(Ljava/lang/String;[BII)Ljava/lang/Class; name or signature does not match> (0x00000000f6a07cb0) thrown at [/build/openjdk-8-8u181-b13/src/hotspot/src/share/vm/prims/jni.cpp, li
Event: 0.482 Thread 0x00007f6b84014800 Exception <a 'java/lang/NoSuchMethodError': Method sun.misc.Unsafe.prefetchRead(Ljava/lang/Object;J)V name or signature does not match> (0x00000000f6a07f98) thrown at [/build/openjdk-8-8u181-b13/src/hotspot/src/share/vm/prims/jni.cpp, line 4011]
Event: 4.794 Thread 0x00007f6b84014800 Exception <a 'java/security/PrivilegedActionException'> (0x00000000f6b50788) thrown at [/build/openjdk-8-8u181-b13/src/hotspot/src/share/vm/prims/jvm.cpp, line 1435]
Event: 4.794 Thread 0x00007f6b84014800 Exception <a 'java/security/PrivilegedActionException'> (0x00000000f6b50998) thrown at [/build/openjdk-8-8u181-b13/src/hotspot/src/share/vm/prims/jvm.cpp, line 1435]
Event: 4.794 Thread 0x00007f6b84014800 Exception <a 'java/security/PrivilegedActionException'> (0x00000000f6b52a20) thrown at [/build/openjdk-8-8u181-b13/src/hotspot/src/share/vm/prims/jvm.cpp, line 1435]
Event: 4.794 Thread 0x00007f6b84014800 Exception <a 'java/security/PrivilegedActionException'> (0x00000000f6b52c30) thrown at [/build/openjdk-8-8u181-b13/src/hotspot/src/share/vm/prims/jvm.cpp, line 1435]
Event: 4.794 Thread 0x00007f6b84014800 Exception <a 'java/security/PrivilegedActionException'> (0x00000000f6b53708) thrown at [/build/openjdk-8-8u181-b13/src/hotspot/src/share/vm/prims/jvm.cpp, line 1435]
Event: 4.794 Thread 0x00007f6b84014800 Exception <a 'java/security/PrivilegedActionException'> (0x00000000f6b53918) thrown at [/build/openjdk-8-8u181-b13/src/hotspot/src/share/vm/prims/jvm.cpp, line 1435]
Event: 11.121 Thread 0x00007f6b84014800 Exception <a 'java/io/FileNotFoundException'> (0x00000000f6be4f90) thrown at [/build/openjdk-8-8u181-b13/src/hotspot/src/share/vm/prims/jni.cpp, line 709]

Events (10 events):
Event: 12.465 loading class com/netflix/spinnaker/halyard/cli/command/v1/converter/OAuth2ProviderTypeConverter
Event: 12.465 loading class com/netflix/spinnaker/halyard/cli/command/v1/converter/OAuth2ProviderTypeConverter done
Event: 12.471 Thread 0x00007f6b84014800 Uncommon trap: trap_request=0xffffff65 fr.pc=0x00007f6b7533e540
Event: 12.471 Thread 0x00007f6b84014800 DEOPT PACKING pc=0x00007f6b7533e540 sp=0x00007f6b8cdc18d0
Event: 12.471 Thread 0x00007f6b84014800 DEOPT UNPACKING pc=0x00007f6b7504547a sp=0x00007f6b8cdc1878 mode 2
Event: 12.481 loading class com/netflix/spinnaker/halyard/cli/command/v1/converter/PersistentStoreTypeConverter
Event: 12.481 loading class com/netflix/spinnaker/halyard/cli/command/v1/converter/PersistentStoreTypeConverter done
Event: 12.488 loading class com/netflix/spinnaker/halyard/cli/services/v1/OperationHandler
Event: 12.488 loading class com/netflix/spinnaker/halyard/cli/services/v1/OperationHandler done
Event: 12.491 Executing VM operation: GenCollectForAllocation


Dynamic libraries:
f6a00000-f6d50000 rw-p 00000000 00:00 0 
f6d50000-f9c00000 ---p 00000000 00:00 0 
f9c00000-fa2e0000 rw-p 00000000 00:00 0 
fa6a9000-100000000 ---p 00000000 00:00 0 
100000000-100100000 rw-p 00000000 00:00 0 
100100000-140000000 ---p 00000000 00:00 0 
557ba8430000-557ba8431000 r-xp 00000000 08:01 277143                     /usr/lib/jvm/java-8-openjdk-amd64/jre/bin/java
557ba8630000-557ba8631000 r--p 00000000 08:01 277143                     /usr/lib/jvm/java-8-openjdk-amd64/jre/bin/java
557ba8631000-557ba8632000 rw-p 00001000 08:01 277143                     /usr/lib/jvm/java-8-openjdk-amd64/jre/bin/java
557baa01d000-557baa03e000 rw-p 00000000 00:00 0                          [heap]
7f6b57ddb000-7f6b57de7000 r--s 00081000 08:01 533509                     /opt/halyard/lib/netty-common-4.1.22.Final.jar
7f6b57de7000-7f6b57de8000 r--s 00007000 08:01 533320                     /opt/halyard/lib/netty-resolver-4.1.22.Final.jar
7f6b57de8000-7f6b57dec000 r--s 0003f000 08:01 533242                     /opt/halyard/lib/netty-buffer-4.1.22.Final.jar
7f6b57dec000-7f6b57ded000 r--s 00002000 08:01 533436                     /opt/halyard/lib/opencensus-contrib-grpc-metrics-0.11.0.jar
7f6b57ded000-7f6b57df3000 r--s 0002f000 08:01 533395                     /opt/halyard/lib/opencensus-api-0.11.0.jar
7f6b57df3000-7f6b57df4000 r--s 00002000 08:01 533182                     /opt/halyard/lib/error_prone_annotations-2.1.2.jar
7f6b57df4000-7f6b57df5000 r--s 00006000 08:01 533434                     /opt/halyard/lib/grpc-context-1.11.0.jar
7f6b57df5000-7f6b57df8000 r--s 0000d000 08:01 533279                     /opt/halyard/lib/google-oauth-client-1.23.0.jar
7f6b57df8000-7f6b57dff000 r--s 00047000 08:01 533304                     /opt/halyard/lib/netty-codec-4.1.22.Final.jar
7f6b57dff000-7f6b57e09000 r--s 00066000 08:01 533313                     /opt/halyard/lib/netty-transport-4.1.22.Final.jar
7f6b57e09000-7f6b57e10000 r--s 00055000 08:01 533401                     /opt/halyard/lib/netty-handler-4.1.22.Final.jar
7f6b57e10000-7f6b57e1b000 r--s 0007f000 08:01 533355                     /opt/halyard/lib/netty-codec-http-4.1.22.Final.jar
7f6b57e1b000-7f6b57e28000 r--s 0008d000 08:01 533292                     /opt/halyard/lib/grpc-core-1.11.0.jar
7f6b57e28000-7f6b57e2c000 r--s 0002a000 08:01 533480                     /opt/halyard/lib/commons-io-2.4.jar
7f6b57e2c000-7f6b57e2d000 r--s 00014000 08:01 533153                     /opt/halyard/lib/okio-1.14.0.jar
7f6b57e2d000-7f6b57e35000 r--s 00071000 08:01 533096                     /opt/halyard/lib/commons-lang3-3.6.jar
7f6b57e35000-7f6b57e36000 r--s 00001000 08:01 533472                     /opt/halyard/lib/kork-security-2.3.0.jar
7f6b57e36000-7f6b57e3b000 r--s 0004c000 08:01 533444                     /opt/halyard/lib/okhttp-2.7.5.jar
7f6b57e3b000-7f6b57e3d000 r--s 00003000 08:01 533109                     /opt/halyard/lib/jsr305-3.0.1.jar
7f6b57e3d000-7f6b57e3e000 r--s 00006000 08:01 533323                     /opt/halyard/lib/okhttp-urlconnection-3.1.1.jar
7f6b57e3e000-7f6b57e40000 r--s 00000000 08:01 533099                     /opt/halyard/lib/converter-jackson-2.0.0-beta4.jar
7f6b57e40000-7f6b57e43000 r--s 0000e000 08:01 533188                     /opt/halyard/lib/jackson-datatype-joda-2.8.8.jar
7f6b57e43000-7f6b57e46000 r--s 00013000 08:01 533284                     /opt/halyard/lib/retrofit-2.0.0-beta4.jar
7f6b57e46000-7f6b57e48000 r--s 0000b000 08:01 533461                     /opt/halyard/lib/client-runtime-1.0.0-beta1.jar
7f6b57e48000-7f6b57e58000 r--s 00149000 08:01 533156                     /opt/halyard/lib/protobuf-java-3.5.1.jar
7f6b57e58000-7f6b57e5d000 r--s 0002c000 08:01 533291                     /opt/halyard/lib/google-api-client-1.23.0.jar
7f6b57e5d000-7f6b57e76000 r--s 00102000 08:01 533260                     /opt/halyard/lib/rxjava-1.3.8.jar
7f6b57e76000-7f6b57e7b000 r--s 00027000 08:01 533226                     /opt/halyard/lib/automaton-1.11-8.jar
7f6b57e7b000-7f6b57e7c000 r--s 00003000 08:01 533146                     /opt/halyard/lib/generex-1.0.1.jar
7f6b57e7c000-7f6b57e7e000 r--s 00007000 08:01 533131                     /opt/halyard/lib/zjsonpatch-0.3.0.jar
7f6b57e7e000-7f6b57e80000 r--s 00001000 08:01 533325                     /opt/halyard/lib/logging-interceptor-3.9.1.jar
7f6b57e80000-7f6b57f37000 r--s 006d7000 08:01 533516                     /opt/halyard/lib/kubernetes-model-3.0.0.jar
7f6b57f37000-7f6b57f39000 r--s 00008000 08:01 533272                     /opt/halyard/lib/grpc-stub-1.11.0.jar
7f6b57f39000-7f6b57f3a000 r--s 00001000 08:01 533385                     /opt/halyard/lib/grpc-protobuf-lite-1.11.0.jar
7f6b57f3a000-7f6b57f3c000 r--s 0000f000 08:01 533300                     /opt/halyard/lib/protobuf-java-util-3.5.1.jar
7f6b57f3c000-7f6b57f3d000 r--s 00001000 08:01 533488                     /opt/halyard/lib/grpc-protobuf-1.11.0.jar
7f6b57f3d000-7f6b57f41000 r--s 0001a000 08:01 533493                     /opt/halyard/lib/netty-codec-socks-4.1.22.Final.jar
7f6b57f41000-7f6b57f43000 r--s 00004000 08:01 533126                     /opt/halyard/lib/netty-handler-proxy-4.1.22.Final.jar
7f6b57f43000-7f6b57f4b000 r--s 0005b000 08:01 533455                     /opt/halyard/lib/netty-codec-http2-4.1.22.Final.jar
7f6b57f4b000-7f6b57f5c000 r--s 00155000 08:01 533230                     /opt/halyard/lib/jna-platform-4.1.0.jar
7f6b57f5c000-7f6b57f60000 r--s 00112000 08:01 533187                     /opt/halyard/lib/jna-4.2.2.jar
7f6b57f60000-7f6b57f61000 r--s 00001000 08:01 533268                     /opt/halyard/lib/jsch.agentproxy.pageant-0.0.9.jar
7f6b57f61000-7f6b57f63000 r--s 00000000 08:01 533132                     /opt/halyard/lib/jsch.agentproxy.sshagent-0.0.9.jar
7f6b57f63000-7f6b57f64000 r--s 00001000 08:01 533462                     /opt/halyard/lib/jsch.agentproxy.usocket-nc-0.0.9.jar
7f6b57f64000-7f6b57f65000 r--s 00001000 08:01 533130                     /opt/halyard/lib/jsch.agentproxy.usocket-jna-0.0.9.jar
7f6b57f65000-7f6b57f67000 r--s 00001000 08:01 533496                     /opt/halyard/lib/jsch.agentproxy.core-0.0.9.jar
7f6b57f67000-7f6b57f76000 r--s 00079000 08:01 533237                     /opt/halyard/lib/jewelcli-0.8.9.jar
7f6b57f76000-7f6b57f78000 r--s 0001a000 08:01 533163                     /opt/halyard/lib/jansi-1.11.jar
7f6b57f78000-7f6b57f85000 r--s 00075000 08:01 533503                     /opt/halyard/lib/aws-java-sdk-swf-libraries-1.11.22.jar
7f6b57f85000-7f6b57f8c000 r--s 014cd000 08:01 533475                     /opt/halyard/lib/aws-java-sdk-models-1.11.409.jar
7f6b57f8c000-7f6b57f99000 r--s 00085000 08:01 533302                     /opt/halyard/lib/aws-java-sdk-workdocs-1.11.409.jar
7f6b57f99000-7f6b57fa6000 r--s 0007a000 08:01 533459                     /opt/halyard/lib/aws-java-sdk-organizations-1.11.409.jar
7f6b57fa6000-7f6b57fb1000 r--s 00074000 08:01 533207                     /opt/halyard/lib/aws-java-sdk-mechanicalturkrequester-1.11.409.jar
7f6b57fb1000-7f6b57fb3000 r--s 0000e000 08:01 533194                     /opt/halyard/lib/aws-java-sdk-lex-1.11.409.jar
7f6b57fb3000-7f6b57fba000 r--s 0004b000 08:01 533334                     /opt/halyard/lib/aws-java-sdk-batch-1.11.409.jar
7f6b57fba000-7f6b57fc0000 r--s 00039000 08:01 533208                     /opt/halyard/lib/aws-java-sdk-shield-1.11.409.jar
7f6b57fc0000-7f6b57fcb000 r--s 0007b000 08:01 533470                     /opt/halyard/lib/aws-java-sdk-appstream-1.11.409.jar
7f6b57fcb000-7f6b57fd2000 r--s 0004a000 08:01 533484                     /opt/halyard/lib/aws-java-sdk-codebuild-1.11.409.jar
7f6b57fd2000-7f6b57fd4000 r--s 0000d000 08:01 533174                     /opt/halyard/lib/aws-java-sdk-costandusagereport-1.11.409.jar
7f6b57fd4000-7f6b57fe1000 r--s 0006a000 08:01 533135                     /opt/halyard/lib/aws-java-sdk-stepfunctions-1.11.409.jar
7f6b57fe1000-7f6b57ff3000 r--s 000d7000 08:01 533501                     /opt/halyard/lib/aws-java-sdk-lightsail-1.11.409.jar
7f6b57ff3000-7f6b58000000 r--s 0008e000 08:01 533437                     /opt/halyard/lib/aws-java-sdk-rekognition-1.11.409.jar
7f6b58000000-7f6b581a9000 rw-p 00000000 00:00 0 
7f6b581a9000-7f6b5c000000 ---p 00000000 00:00 0 
7f6b5c000000-7f6b5c021000 rw-p 00000000 00:00 0 
7f6b5c021000-7f6b60000000 ---p 00000000 00:00 0 
7f6b60000000-7f6b60021000 rw-p 00000000 00:00 0 
7f6b60021000-7f6b64000000 ---p 00000000 00:00 0 
7f6b64000000-7f6b6466d000 rw-p 00000000 00:00 0 
7f6b6466d000-7f6b68000000 ---p 00000000 00:00 0 
7f6b68000000-7f6b68021000 rw-p 00000000 00:00 0 
7f6b68021000-7f6b6c000000 ---p 00000000 00:00 0 
7f6b6c000000-7f6b6c021000 rw-p 00000000 00:00 0 
7f6b6c021000-7f6b70000000 ---p 00000000 00:00 0 
7f6b70000000-7f6b70024000 rw-p 00000000 00:00 0 
7f6b70024000-7f6b74000000 ---p 00000000 00:00 0 
7f6b74000000-7f6b74004000 r--s 00022000 08:01 533114                     /opt/halyard/lib/aws-java-sdk-health-1.11.409.jar
7f6b74004000-7f6b74008000 r--s 00024000 08:01 533282                     /opt/halyard/lib/aws-java-sdk-polly-1.11.409.jar
7f6b74008000-7f6b7400f000 r--s 00042000 08:01 533326                     /opt/halyard/lib/aws-java-sdk-snowball-1.11.409.jar
7f6b7400f000-7f6b74014000 r--s 0002f000 08:01 533221                     /opt/halyard/lib/aws-java-sdk-applicationautoscaling-1.11.409.jar
7f6b74014000-7f6b7401c000 r--s 0004a000 08:01 533360                     /opt/halyard/lib/aws-java-sdk-discovery-1.11.409.jar
7f6b7401c000-7f6b74037000 r--s 0012d000 08:01 533418                     /opt/halyard/lib/aws-java-sdk-cognitoidp-1.11.409.jar
7f6b74037000-7f6b7403a000 r--s 0000d000 08:01 533427                     /opt/halyard/lib/aws-java-sdk-marketplacemeteringservice-1.11.409.jar
7f6b7403a000-7f6b74049000 r--s 00099000 08:01 533387                     /opt/halyard/lib/aws-java-sdk-dms-1.11.409.jar
7f6b74049000-7f6b7405c000 r--s 000d9000 08:01 533352                     /opt/halyard/lib/aws-java-sdk-gamelift-1.11.409.jar
7f6b7405c000-7f6b74062000 r--s 00031000 08:01 533212                     /opt/halyard/lib/aws-java-sdk-acm-1.11.409.jar
7f6b74062000-7f6b7407e000 r--s 0015f000 08:01 533411                     /opt/halyard/lib/aws-java-sdk-api-gateway-1.11.409.jar
7f6b7407e000-7f6b740a6000 r--s 001e1000 08:01 533451                     /opt/halyard/lib/aws-java-sdk-iot-1.11.409.jar
7f6b740a6000-7f6b740b2000 r--s 00086000 08:01 533116                     /opt/halyard/lib/aws-java-sdk-inspector-1.11.409.jar
7f6b740b2000-7f6b740b4000 r--s 00009000 08:01 533321                     /opt/halyard/lib/aws-java-sdk-marketplacecommerceanalytics-1.11.409.jar
7f6b740b4000-7f6b740d7000 r--s 0017c000 08:01 533478                     /opt/halyard/lib/aws-java-sdk-waf-1.11.409.jar
7f6b740d7000-7f6b740e0000 r--s 00061000 08:01 533429                     /opt/halyard/lib/aws-java-sdk-elasticsearch-1.11.409.jar
7f6b740e0000-7f6b740f2000 r--s 000ce000 08:01 533375                     /opt/halyard/lib/aws-java-sdk-devicefarm-1.11.409.jar
7f6b740f2000-7f6b74100000 r--s 0007e000 08:01 533522                     /opt/halyard/lib/aws-java-sdk-codecommit-1.11.409.jar
7f6b74100000-7f6b74105000 r--s 00029000 08:01 533483                     /opt/halyard/lib/aws-java-sdk-efs-1.11.409.jar
7f6b74105000-7f6b74110000 r--s 0007c000 08:01 533253                     /opt/halyard/lib/aws-java-sdk-directory-1.11.409.jar
7f6b74110000-7f6b7411a000 r--s 00068000 08:01 533183                     /opt/halyard/lib/aws-java-sdk-machinelearning-1.11.409.jar
7f6b7411a000-7f6b74122000 r--s 00052000 08:01 533351                     /opt/halyard/lib/aws-java-sdk-workspaces-1.11.409.jar
7f6b74122000-7f6b7414b000 r--s 001c0000 08:01 533285                     /opt/halyard/lib/aws-java-sdk-ssm-1.11.409.jar
7f6b7414b000-7f6b74150000 r--s 00032000 08:01 533214                     /opt/halyard/lib/aws-java-sdk-cloudhsm-1.11.409.jar
7f6b74150000-7f6b74157000 r--s 0004a000 08:01 533287                     /opt/halyard/lib/aws-java-sdk-ecr-1.11.409.jar
7f6b74157000-7f6b74163000 r--s 00098000 08:01 533393                     /opt/halyard/lib/aws-java-sdk-ecs-1.11.409.jar
7f6b74163000-7f6b7416d000 r--s 0006a000 08:01 533486                     /opt/halyard/lib/aws-java-sdk-lambda-1.11.409.jar
7f6b7416d000-7f6b7417c000 r--s 000a0000 08:01 533178                     /opt/halyard/lib/aws-java-sdk-config-1.11.409.jar
7f6b7417c000-7f6b7418a000 r--s 00089000 08:01 533298                     /opt/halyard/lib/aws-java-sdk-codepipeline-1.11.409.jar
7f6b7418a000-7f6b7419b000 r--s 000a6000 08:01 533454                     /opt/halyard/lib/aws-java-sdk-codedeploy-1.11.409.jar
7f6b7419b000-7f6b7419d000 r--s 0000a000 08:01 533379                     /opt/halyard/lib/aws-java-sdk-cloudwatchmetrics-1.11.409.jar
7f6b7419d000-7f6b741a7000 r--s 0005f000 08:01 533247                     /opt/halyard/lib/aws-java-sdk-cloudsearch-1.11.409.jar
7f6b741a7000-7f6b741b4000 r--s 0008c000 08:01 533460                     /opt/halyard/lib/aws-java-sdk-autoscaling-1.11.409.jar
7f6b741b4000-7f6b741c7000 r--s 000ac000 08:01 533431                     /opt/halyard/lib/aws-java-sdk-ses-1.11.409.jar
7f6b741c7000-7f6b741dc000 r--s 000f5000 08:01 533215                     /opt/halyard/lib/aws-java-sdk-opsworks-1.11.409.jar
7f6b741dc000-7f6b741f5000 r--s 00114000 08:01 533371                     /opt/halyard/lib/aws-java-sdk-kinesis-1.11.409.jar
7f6b741f5000-7f6b7420e000 r--s 0010b000 08:01 533512                     /opt/halyard/lib/aws-java-sdk-clouddirectory-1.11.409.jar
7f6b7420e000-7f6b74222000 r--s 000bc000 08:01 533168                     /opt/halyard/lib/aws-java-sdk-cloudfront-1.11.409.jar
7f6b74222000-7f6b7422e000 r--s 00083000 08:01 533133                     /opt/halyard/lib/aws-java-sdk-cloudformation-1.11.409.jar
7f6b7422e000-7f6b7423b000 r--s 0008f000 08:01 533095                     /opt/halyard/lib/aws-java-sdk-directconnect-1.11.409.jar
7f6b7423b000-7f6b74241000 r--s 00034000 08:01 533256                     /opt/halyard/lib/aws-java-sdk-cognitosync-1.11.409.jar
7f6b74241000-7f6b74247000 r--s 0003a000 08:01 533406                     /opt/halyard/lib/aws-java-sdk-cognitoidentity-1.11.409.jar
7f6b74247000-7f6b7424e000 r--s 00038000 08:01 533384                     /opt/halyard/lib/aws-java-sdk-events-1.11.409.jar
7f6b7424e000-7f6b74257000 r--s 0005e000 08:01 533204                     /opt/halyard/lib/aws-java-sdk-logs-1.11.409.jar
7f6b74257000-7f6b7425d000 r--s 00036000 08:01 533276                     /opt/halyard/lib/aws-java-sdk-cloudwatch-1.11.409.jar
7f6b7425d000-7f6b74263000 r--s 00033000 08:01 533495                     /opt/halyard/lib/aws-java-sdk-cloudtrail-1.11.409.jar
7f6b74263000-7f6b74268000 r--s 0002a000 08:01 533280                     /opt/halyard/lib/aws-java-sdk-budgets-1.11.409.jar
7f6b74268000-7f6b74270000 r--s 00048000 08:01 533119                     /opt/halyard/lib/aws-java-sdk-sns-1.11.409.jar
7f6b74270000-7f6b74291000 r--s 00157000 08:01 533211                     /opt/halyard/lib/aws-java-sdk-dynamodb-1.11.409.jar
7f6b74291000-7f6b742d3000 r--s 0036e000 08:01 533200                     /opt/halyard/lib/aws-java-sdk-ec2-1.11.409.jar
7f6b742d3000-7f6b742db000 r--s 00057000 08:01 533448                     /opt/halyard/lib/aws-java-sdk-elastictranscoder-1.11.409.jar
7f6b742db000-7f6b742e8000 r--s 0007a000 08:01 533265                     /opt/halyard/lib/aws-java-sdk-elasticache-1.11.409.jar
7f6b742e8000-7f6b742f8000 r--s 000b5000 08:01 533374                     /opt/halyard/lib/aws-java-sdk-emr-1.11.409.jar
7f6b742f8000-7f6b74305000 r--s 00070000 08:01 533210                     /opt/halyard/lib/aws-java-sdk-elasticloadbalancingv2-1.11.409.jar
7f6b74305000-7f6b7430f000 r--s 00057000 08:01 533497                     /opt/halyard/lib/aws-java-sdk-elasticloadbalancing-1.11.409.jar
7f6b7430f000-7f6b74316000 r--s 0003f000 08:01 533319                     /opt/halyard/lib/aws-java-sdk-datapipeline-1.11.409.jar
7f6b74316000-7f6b74332000 r--s 0010d000 08:01 533391                     /opt/halyard/lib/aws-java-sdk-iam-1.11.409.jar
7f6b74332000-7f6b7433c000 r--s 00072000 08:01 533203                     /opt/halyard/lib/aws-java-sdk-glacier-1.11.409.jar
7f6b7433c000-7f6b7434a000 r--s 00093000 08:01 533120                     /opt/halyard/lib/aws-java-sdk-elasticbeanstalk-1.11.409.jar
7f6b7434a000-7f6b7435d000 r--s 000be000 08:01 533275                     /opt/halyard/lib/aws-java-sdk-redshift-1.11.409.jar
7f6b7435d000-7f6b74373000 r--s 0010d000 08:01 533248                     /opt/halyard/lib/aws-java-sdk-rds-1.11.409.jar
7f6b74373000-7f6b7437a000 r--s 00045000 08:01 533449                     /opt/halyard/lib/aws-java-sdk-sqs-1.11.409.jar
7f6b7437a000-7f6b7437e000 r--s 0001a000 08:01 533094                     /opt/halyard/lib/aws-java-sdk-sts-1.11.409.jar
7f6b7437e000-7f6b74382000 r--s 00016000 08:01 533108                     /opt/halyard/lib/aws-java-sdk-importexport-1.11.409.jar
7f6b74382000-7f6b74398000 r--s 000e3000 08:01 533506                     /opt/halyard/lib/aws-java-sdk-route53-1.11.409.jar
7f6b74398000-7f6b743a9000 r--s 000c0000 08:01 533466                     /opt/halyard/lib/aws-java-sdk-storagegateway-1.11.409.jar
7f6b743a9000-7f6b743ba000 r--s 000bf000 08:01 533243                     /opt/halyard/lib/aws-java-sdk-simpleworkflow-1.11.409.jar
7f6b743ba000-7f6b743bf000 r--s 00026000 08:01 533149                     /opt/halyard/lib/aws-java-sdk-servermigration-1.11.409.jar
7f6b743bf000-7f6b743d1000 r--s 000c4000 08:01 533519                     /opt/halyard/lib/aws-java-sdk-servicecatalog-1.11.409.jar
7f6b743d1000-7f6b743d5000 r--s 00021000 08:01 533195                     /opt/halyard/lib/aws-java-sdk-simpledb-1.11.409.jar
7f6b743d5000-7f6b743da000 r--s 00038000 08:01 533344                     /opt/halyard/lib/aws-java-sdk-support-1.11.409.jar
7f6b743da000-7f6b743df000 r--s 00030000 08:01 533111                     /opt/halyard/lib/aws-java-sdk-opsworkscm-1.11.409.jar
7f6b743df000-7f6b743e6000 r--s 00046000 08:01 533467                     /opt/halyard/lib/aws-java-sdk-xray-1.11.409.jar
7f6b743e6000-7f6b743fe000 r--s 0012f000 08:01 533228                     /opt/halyard/lib/aws-java-sdk-pinpoint-1.11.409.jar
7f6b743fe000-7f6b74402000 r--s 00013000 08:01 533511                     /opt/halyard/lib/aws-java-sdk-resourcegroupstaggingapi-1.11.409.jar
7f6b74402000-7f6b7440d000 r--s 0007a000 08:01 533103                     /opt/halyard/lib/aws-java-sdk-lexmodelbuilding-1.11.409.jar
7f6b7440d000-7f6b74413000 r--s 00030000 08:01 533218                     /opt/halyard/lib/aws-java-sdk-codestar-1.11.409.jar
7f6b74413000-7f6b74415000 r--s 00008000 08:01 533507                     /opt/halyard/lib/aws-java-sdk-marketplaceentitlement-1.11.409.jar
7f6b74415000-7f6b7441a000 r--s 0002b000 08:01 533345                     /opt/halyard/lib/aws-java-sdk-athena-1.11.409.jar
7f6b7441a000-7f6b7442d000 r--s 000cb000 08:01 533432                     /opt/halyard/lib/aws-java-sdk-greengrass-1.11.409.jar
7f6b7442d000-7f6b74434000 r--s 0004a000 08:01 533180                     /opt/halyard/lib/aws-java-sdk-dax-1.11.409.jar
7f6b74434000-7f6b7443a000 r--s 0002e000 08:01 533357                     /opt/halyard/lib/aws-java-sdk-migrationhub-1.11.409.jar
7f6b7443a000-7f6b74451000 r--s 0011f000 08:01 533403                     /opt/halyard/lib/aws-java-sdk-glue-1.11.409.jar
7f6b74451000-7f6b74455000 r--s 00029000 08:01 533290                     /opt/halyard/lib/aws-java-sdk-cloudhsmv2-1.11.409.jar
7f6b74455000-7f6b74459000 r--s 0001c000 08:01 533420                     /opt/halyard/lib/aws-java-sdk-mobile-1.11.409.jar
7f6b74459000-7f6b7445c000 r--s 0000d000 08:01 533324                     /opt/halyard/lib/aws-java-sdk-pricing-1.11.409.jar
7f6b7445c000-7f6b74462000 r--s 0003a000 08:01 533482                     /opt/halyard/lib/aws-java-sdk-costexplorer-1.11.409.jar
7f6b74462000-7f6b74468000 r--s 00039000 08:01 533408                     /opt/halyard/lib/aws-java-sdk-mediapackage-1.11.409.jar
7f6b74468000-7f6b7447f000 r--s 00114000 08:01 533101                     /opt/halyard/lib/aws-java-sdk-medialive-1.11.409.jar
7f6b7447f000-7f6b74481000 r--s 00010000 08:01 533115                     /opt/halyard/lib/aws-java-sdk-mediastoredata-1.11.409.jar
7f6b74481000-7f6b74484000 r--s 0001a000 08:01 533244                     /opt/halyard/lib/aws-java-sdk-mediastore-1.11.409.jar
7f6b74484000-7f6b74499000 r--s 000ff000 08:01 533229                     /opt/halyard/lib/aws-java-sdk-mediaconvert-1.11.409.jar
7f6b74499000-7f6b7449f000 r--s 0003d000 08:01 533407                     /opt/halyard/lib/aws-java-sdk-mq-1.11.409.jar
7f6b7449f000-7f6b744ab000 r--s 00089000 08:01 533249                     /opt/halyard/lib/aws-java-sdk-guardduty-1.11.409.jar
7f6b744ab000-7f6b744b3000 r--s 0004e000 08:01 533474                     /opt/halyard/lib/aws-java-sdk-appsync-1.11.409.jar
7f6b744b3000-7f6b744ba000 r--s 0003c000 08:01 533390                     /opt/halyard/lib/aws-java-sdk-kinesisvideo-1.11.409.jar
7f6b744ba000-7f6b744bc000 r--s 00005000 08:01 533465                     /opt/halyard/lib/aws-java-sdk-sagemakerruntime-1.11.409.jar
7f6b744bc000-7f6b744bf000 r--s 00011000 08:01 533236                     /opt/halyard/lib/aws-java-sdk-iotjobsdataplane-1.11.409.jar
7f6b744bf000-7f6b744ce000 r--s 000af000 08:01 533328                     /opt/halyard/lib/aws-java-sdk-sagemaker-1.11.409.jar
7f6b744ce000-7f6b744d0000 r--s 00005000 08:01 533144                     /opt/halyard/lib/aws-java-sdk-translate-1.11.409.jar
7f6b744d0000-7f6b744da000 r--s 00066000 08:01 533311                     /opt/halyard/lib/aws-java-sdk-comprehend-1.11.409.jar
7f6b744da000-7f6b744de000 r--s 00024000 08:01 533224                     /opt/halyard/lib/aws-java-sdk-resourcegroups-1.11.409.jar
7f6b744de000-7f6b744eb000 r--s 00088000 08:01 533238                     /opt/halyard/lib/aws-java-sdk-alexaforbusiness-1.11.409.jar
7f6b744eb000-7f6b744ef000 r--s 00026000 08:01 533175                     /opt/halyard/lib/aws-java-sdk-serverlessapplicationrepository-1.11.409.jar
7f6b744ef000-7f6b744f3000 r--s 0001c000 08:01 533257                     /opt/halyard/lib/aws-java-sdk-cloud9-1.11.409.jar
7f6b744f3000-7f6b744fb000 r--s 00046000 08:01 533147                     /opt/halyard/lib/aws-java-sdk-servicediscovery-1.11.409.jar
7f6b744fb000-7f6b74504000 r--s 00051000 08:01 533457                     /opt/halyard/lib/aws-java-sdk-workmail-1.11.409.jar
7f6b74504000-7f6b74508000 r--s 0001e000 08:01 533235                     /opt/halyard/lib/aws-java-sdk-autoscalingplans-1.11.409.jar
7f6b74508000-7f6b7450c000 r--s 0001e000 08:01 533136                     /opt/halyard/lib/aws-java-sdk-transcribe-1.11.409.jar
7f6b7450c000-7f6b74512000 r--s 00038000 08:01 533140                     /opt/halyard/lib/aws-java-sdk-connect-1.11.409.jar
7f6b74512000-7f6b74517000 r--s 00029000 08:01 533252                     /opt/halyard/lib/aws-java-sdk-fms-1.11.409.jar
7f6b74517000-7f6b7451d000 r--s 00033000 08:01 533295                     /opt/halyard/lib/aws-java-sdk-secretsmanager-1.11.409.jar
7f6b7451d000-7f6b74523000 r--s 00033000 08:01 533160                     /opt/halyard/lib/aws-java-sdk-acmpca-1.11.409.jar
7f6b74523000-7f6b7452f000 r--s 00082000 08:01 533289                     /opt/halyard/lib/aws-java-sdk-iotanalytics-1.11.409.jar
7f6b7452f000-7f6b74533000 r--s 0001e000 08:01 533445                     /opt/halyard/lib/aws-java-sdk-iot1clickdevices-1.11.409.jar
7f6b74533000-7f6b74538000 r--s 00025000 08:01 533318                     /opt/halyard/lib/aws-java-sdk-iot1clickprojects-1.11.409.jar
7f6b74538000-7f6b7453b000 r--s 00011000 08:01 533166                     /opt/halyard/lib/aws-java-sdk-pi-1.11.409.jar
7f6b7453b000-7f6b7454a000 r--s 0009f000 08:01 533191                     /opt/halyard/lib/aws-java-sdk-neptune-1.11.409.jar
7f6b7454a000-7f6b7454c000 r--s 0000f000 08:01 533202                     /opt/halyard/lib/aws-java-sdk-mediatailor-1.11.409.jar
7f6b7454c000-7f6b7454f000 r--s 00011000 08:01 533435                     /opt/halyard/lib/aws-java-sdk-eks-1.11.409.jar
7f6b7454f000-7f6b74552000 r--s 0001a000 08:01 533498                     /opt/halyard/lib/aws-java-sdk-macie-1.11.409.jar
7f6b74552000-7f6b74555000 r--s 00017000 08:01 533199                     /opt/halyard/lib/aws-java-sdk-dlm-1.11.409.jar
7f6b74555000-7f6b7455a000 r--s 0002d000 08:01 533106                     /opt/halyard/lib/aws-java-sdk-signer-1.11.409.jar
7f6b7455a000-7f6b7455b000 r--s 00002000 08:01 533381                     /opt/halyard/lib/jsch.agentproxy.connector-factory-0.0.9.jar
7f6b7455b000-7f6b7455d000 r--s 00000000 08:01 533370                     /opt/halyard/lib/jsch.agentproxy.jsch-0.0.9.jar
7f6b7455d000-7f6b74561000 r--s 00023000 08:01 533508                     /opt/halyard/lib/sshoogr-0.9.25.jar
7f6b74561000-7f6b7460a000 r--s 002b3000 08:01 533464                     /opt/halyard/lib/awsobjectmapper-1.11.409.jar
7f6b7460a000-7f6b7460b000 r--s 00000000 08:01 533413                     /opt/halyard/lib/aws-java-sdk-1.11.409.jar
7f6b7460b000-7f6b7460d000 r--s 00014000 08:01 533299                     /opt/halyard/lib/clouddriver-eureka-2.88.4.jar
7f6b7460d000-7f6b7460f000 r--s 0000c000 08:01 533366                     /opt/halyard/lib/asm-5.0.4.jar
7f6b7460f000-7f6b7461c000 r--s 00083000 08:01 533368                     /opt/halyard/lib/commons-collections-3.2.2.jar
7f6b7461c000-7f6b74620000 r--s 00019000 08:01 533197                     /opt/halyard/lib/aspectjrt-1.8.10.jar
7f6b74620000-7f6b74638000 r--s 001bf000 08:01 533307                     /opt/halyard/lib/aspectjweaver-1.8.10.jar
7f6b74638000-7f6b7463d000 r--s 0001d000 08:01 533217                     /opt/halyard/lib/hystrix-javanica-1.4.21.jar
7f6b7463d000-7f6b74645000 r--s 00040000 08:01 533232                     /opt/halyard/lib/hystrix-core-1.4.21.jar
7f6b74645000-7f6b74647000 r--s 00010000 08:01 533100                     /opt/halyard/lib/kork-hystrix-1.92.0.jar
7f6b74647000-7f6b7464b000 r--s 00028000 08:01 533452                     /opt/halyard/lib/front50-core-1.95.0.jar
7f6b7464b000-7f6b74654000 r--s 0004f000 08:01 533216                     /opt/halyard/lib/google-http-client-1.23.0.jar
7f6b74654000-7f6b74658000 r--s 0001a000 08:01 533337                     /opt/halyard/lib/consul-api-1.2.1.jar
7f6b74658000-7f6b7465d000 r--s 00068000 08:01 533141                     /opt/halyard/lib/antlr-2.7.7.jar
7f6b7465d000-7f6b74660000 r--s 00022000 08:01 533122                     /opt/halyard/lib/stringtemplate-3.2.1.jar
7f6b74660000-7f6b74661000 r--s 00007000 08:01 533167                     /opt/halyard/lib/dyno-contrib-1.6.3-rc.10.jar
7f6b74661000-7f6b74666000 r--s 0002a000 08:01 533487                     /opt/halyard/lib/dyno-core-1.6.3-rc.10.jar
7f6b74666000-7f6b74667000 r--s 00005000 08:01 533139                     /opt/halyard/lib/json-simple-1.1.1.jar
7f6b74667000-7f6b7466b000 r--s 00025000 08:01 533222                     /opt/halyard/lib/antlr-runtime-3.4.jar
7f6b7466b000-7f6b74671000 r--s 00044000 08:01 533450                     /opt/halyard/lib/commons-jxpath-1.3.jar
7f6b74671000-7f6b74673000 r--s 00002000 08:01 533277                     /opt/halyard/lib/evo-inflector-1.2.2.jar
7f6b74673000-7f6b74674000 r--s 00004000 08:01 533263                     /opt/halyard/lib/spring-plugin-core-1.2.0.RELEASE.jar
7f6b74674000-7f6b74687000 r--s 000ac000 08:01 533281                     /opt/halyard/lib/spring-data-commons-1.13.4.RELEASE.jar
7f6b74687000-7f6b7468c000 r--s 0002d000 08:01 533373                     /opt/halyard/lib/spring-hateoas-0.23.0.RELEASE.jar
7f6b7468c000-7f6b74694000 r--s 0003a000 08:01 533129                     /opt/halyard/lib/spring-tx-4.3.9.RELEASE.jar
7f6b74694000-7f6b74696000 r--s 00007000 08:01 533233                     /opt/halyard/lib/jackson-module-jaxb-annotations-2.8.8.jar
7f6b74696000-7f6b74698000 r--s 00002000 08:01 533463                     /opt/halyard/lib/aopalliance-repackaged-2.5.0-b32.jar
7f6b74698000-7f6b7469b000 r--s 0001e000 08:01 533343                     /opt/halyard/lib/hk2-utils-2.5.0-b32.jar
7f6b7469b000-7f6b7469c000 r--s 00004000 08:01 533333                     /opt/halyard/lib/osgi-resource-locator-1.0.1.jar
7f6b7469c000-7f6b746b4000 r--s 000d6000 08:01 533514                     /opt/halyard/lib/jersey-guava-2.25.1.jar
7f6b746b4000-7f6b746b6000 r--s 00005000 08:01 533332                     /opt/halyard/lib/javax.annotation-api-1.2.jar
7f6b746b6000-7f6b746f6000 r--s 00277000 08:01 533520                     /opt/halyard/lib/bcprov-jdk15on-1.51.jar
7f6b746f6000-7f6b746f8000 r--s 0000e000 08:01 533259                     /opt/halyard/lib/activation-1.1.jar
7f6b746f8000-7f6b746f9000 r--s 00002000 08:01 533517                     /opt/halyard/lib/btf-1.2.jar
7f6b746f9000-7f6b74703000 r--s 0005a000 08:01 533477                     /opt/halyard/lib/dyno-jedis-1.6.3-rc.10.jar
7f6b74703000-7f6b74708000 r--s 00024000 08:01 533372                     /opt/halyard/lib/dexx-collections-0.2.jar
7f6b74708000-7f6b74709000 r--s 00000000 08:01 533446                     /opt/halyard/lib/javax.inject-1.jar
7f6b74709000-7f6b7470b000 r--s 00005000 08:01 533240                     /opt/halyard/lib/xpp3_min-1.1.4c.jar
7f6b7470b000-7f6b7470c000 r--s 00001000 08:01 533382                     /opt/halyard/lib/xmlpull-1.1.3.1.jar
7f6b7470c000-7f6b7471f000 r--s 000df000 08:01 533113                     /opt/halyard/lib/commons-math-2.2.jar
7f6b7471f000-7f6b74722000 r--s 00016000 08:01 533205                     /opt/halyard/lib/netflix-infix-0.3.0.jar
7f6b74722000-7f6b74724000 r--s 00005000 08:01 533378                     /opt/halyard/lib/stax-api-1.0.1.jar
7f6b74724000-7f6b74729000 r--s 00041000 08:01 533192                     /opt/halyard/lib/config-1.3.3.jar
7f6b74729000-7f6b7472b000 r--s 0000b000 08:01 533428                     /opt/halyard/lib/jackson-dataformat-cbor-2.8.8.jar
7f6b7472b000-7f6b74735000 r--s 00081000 08:01 533440                     /opt/halyard/lib/ion-java-1.0.2.jar
7f6b74735000-7f6b7473c000 r--s 00050000 08:01 533521                     /opt/halyard/lib/commons-configuration-1.8.jar
7f6b7473c000-7f6b74740000 r--s 0001c000 08:01 533315                     /opt/halyard/lib/spring-data-rest-core-2.6.4.RELEASE.jar
7f6b74740000-7f6b74742000 r--s 00009000 08:01 533458                     /opt/halyard/lib/hamcrest-core-1.3.jar
7f6b74742000-7f6b74743000 r--s 00003000 08:01 533383                     /opt/halyard/lib/jackson-jaxrs-json-provider-2.8.8.jar
7f6b74743000-7f6b74744000 r--s 00007000 08:01 533213                     /opt/halyard/lib/jackson-jaxrs-base-2.8.8.jar
7f6b74744000-7f6b74747000 r--s 0000f000 08:01 533341                     /opt/halyard/lib/jersey-entity-filtering-2.25.1.jar
7f6b74747000-7f6b7474a000 r--s 0002b000 08:01 533362                     /opt/halyard/lib/hk2-locator-2.5.0-b32.jar
7f6b7474a000-7f6b7474b000 r--s 00001000 08:01 533283                     /opt/halyard/lib/javax.inject-2.5.0-b32.jar
7f6b7474b000-7f6b74751000 r--s 00028000 08:01 533297                     /opt/halyard/lib/hk2-api-2.5.0-b32.jar
7f6b74751000-7f6b7475f000 r--s 000a1000 08:01 533261                     /opt/halyard/lib/jersey-common-2.25.1.jar
7f6b7475f000-7f6b74763000 r--s 00019000 08:01 533092                     /opt/halyard/lib/javax.ws.rs-api-2.0.1.jar
7f6b74763000-7f6b74766000 r--s 00028000 08:01 533349                     /opt/halyard/lib/nimbus-jose-jwt-3.1.2.jar
7f6b74766000-7f6b74767000 r--s 00002000 08:01 533301                     /opt/halyard/lib/lang-tag-1.4.jar
7f6b74767000-7f6b74768000 r--s 00000000 08:01 533358                     /opt/halyard/lib/jcip-annotations-1.0.jar
7f6b74768000-7f6b74770000 r--s 00078000 08:01 533415                     /opt/halyard/lib/mail-1.4.7.jar
7f6b74770000-7f6b74778000 r--s 00048000 08:01 533410                     /opt/halyard/lib/httpcore-4.4.6.jar
7f6b74778000-7f6b7477a000 r--s 00012000 08:01 533137                     /opt/halyard/lib/accessors-smart-1.1.jar
7f6b7477a000-7f6b7477c000 r--s 00008000 08:01 533456                     /opt/halyard/lib/msg-simple-1.1.jar
7f6b7477c000-7f6b7478d000 r--s 0008a000 08:01 533485                     /opt/halyard/lib/joda-time-2.9.9.jar
7f6b7478d000-7f6b7478e000 r--s 00001000 08:01 533310                     /opt/halyard/lib/logging-interceptor-2.7.5.jar
7f6b7478e000-7f6b74790000 r--s 00004000 08:01 533339                     /opt/halyard/lib/swagger-annotations-1.5.12.jar
7f6b74790000-7f6b74792000 r--s 00000000 08:01 533421                     /opt/halyard/lib/aopalliance-1.0.jar
7f6b74792000-7f6b74794000 r--s 00007000 08:01 533377                     /opt/halyard/lib/fiat-core-0.49.8.jar
7f6b74794000-7f6b74796000 r--s 00005000 08:01 533499                     /opt/halyard/lib/jmespath-java-1.11.409.jar
7f6b74796000-7f6b7479f000 r--s 0005b000 08:01 533164                     /opt/halyard/lib/aws-java-sdk-kms-1.11.409.jar
7f6b7479f000-7f6b747a2000 r--s 00012000 08:01 533193                     /opt/halyard/lib/failsafe-1.0.4.jar
7f6b747a2000-7f6b747a3000 r--s 00004000 08:01 533348                     /opt/halyard/lib/kork-dynomite-2.3.0.jar
7f6b747a3000-7f6b747a5000 r--s 0001a000 08:01 533306                     /opt/halyard/lib/kork-jedis-2.3.0.jar
7f6b747a5000-7f6b747a8000 r--s 00019000 08:01 533314                     /opt/halyard/lib/commons-pool2-2.4.2.jar
7f6b747a8000-7f6b747a9000 r--s 00004000 08:01 533134                     /opt/halyard/lib/compactmap-1.2.1.jar
7f6b747a9000-7f6b747b7000 r--s 00097000 08:01 533286                     /opt/halyard/lib/guice-4.1.0.jar
7f6b747b7000-7f6b747b9000 r--s 00003000 08:01 533274                     /opt/halyard/lib/jersey-apache-client4-1.19.1.jar
7f6b747b9000-7f6b747bc000 r--s 0001e000 08:01 533439                     /opt/halyard/lib/jersey-client-1.19.1.jar
7f6b747bc000-7f6b747c6000 r--s 00061000 08:01 533505                     /opt/halyard/lib/jersey-core-1.19.1.jar
7f6b747c6000-7f6b747cb000 r--s 00033000 08:01 533361                     /opt/halyard/lib/servo-core-0.12.21.jar
7f6b747cb000-7f6b747cd000 r--s 0000a000 08:01 533518                     /opt/halyard/lib/jsr311-api-1.1.1.jar
7f6b747cd000-7f6b747db000 r--s 00082000 08:01 533294                     /opt/halyard/lib/xstream-1.4.10.jar
7f6b747db000-7f6b747dd000 r--s 0000f000 08:01 533117                     /opt/halyard/lib/netflix-eventbus-0.3.0.jar
7f6b747dd000-7f6b747e0000 r--s 00012000 08:01 533296                     /opt/halyard/lib/jettison-1.3.7.jar
7f6b747e0000-7f6b747e5000 r--s 00060000 08:01 533438                     /opt/halyard/lib/okhttp-3.10.0.jar
7f6b747e5000-7f6b747e6000 r--s 00001000 08:01 533479                     /opt/halyard/lib/kork-exceptions-2.3.0.jar
7f6b747e6000-7f6b747e8000 r--s 00005000 08:01 533271                     /opt/halyard/lib/spectator-web-spring-0.75.0.jar
7f6b747e8000-7f6b747e9000 r--s 00005000 08:01 533098                     /opt/halyard/lib/spectator-ext-jvm-0.75.0.jar
7f6b747e9000-7f6b747eb000 r--s 00002000 08:01 533186                     /opt/halyard/lib/spectator-ext-gc-0.75.0.jar
7f6b747eb000-7f6b747ed000 r--s 00001000 08:01 533251                     /opt/halyard/lib/spectator-ext-aws-0.75.0.jar
7f6b747ed000-7f6b74803000 r--s 000ca000 08:01 533364                     /opt/halyard/lib/aws-java-sdk-core-1.11.409.jar
7f6b74803000-7f6b74807000 r--s 0001f000 08:01 533398                     /opt/halyard/lib/archaius-core-0.7.6.jar
7f6b74807000-7f6b7480e000 r--s 00046000 08:01 533354                     /opt/halyard/lib/spring-data-rest-webmvc-2.6.4.RELEASE.jar
7f6b7480e000-7f6b74819000 r--s 0006a000 08:01 533089                     /opt/halyard/lib/logback-core-1.1.11.jar
7f6b74819000-7f6b7481b000 r--s 0000b000 08:01 533322                     /opt/halyard/lib/protobuf-javanano-3.0.0-alpha-5.jar
7f6b7481b000-7f6b7481c000 r--s 00000000 08:01 533359                     /opt/halyard/lib/google-auth-library-credentials-0.4.0.jar
7f6b7481c000-7f6b74824000 r--s 00045000 08:01 533161                     /opt/halyard/lib/junit-4.12.jar
7f6b74824000-7f6b74826000 r--s 00004000 08:01 533262                     /opt/halyard/lib/jersey-media-json-jackson-2.25.1.jar
7f6b74826000-7f6b7482a000 r--s 00026000 08:01 533124                     /opt/halyard/lib/jersey-client-2.25.1.jar
7f6b7482a000-7f6b7482c000 r--s 0000a000 08:01 533250                     /opt/halyard/lib/azure-client-runtime-1.0.0-beta1.jar
7f6b7482c000-7f6b74831000 r--s 00034000 08:01 533184                     /opt/halyard/lib/gson-2.8.0.jar
7f6b74831000-7f6b74836000 r--s 00037000 08:01 533492                     /opt/halyard/lib/oauth2-oidc-sdk-4.5.jar
7f6b74836000-7f6b74843000 r--s 000aa000 08:01 533365                     /opt/halyard/lib/httpclient-4.5.3.jar
7f6b74843000-7f6b74846000 r--s 0001c000 08:01 533227                     /opt/halyard/lib/JavaEWAH-0.7.9.jar
7f6b74846000-7f6b7484b000 r--s 00040000 08:01 533198                     /opt/halyard/lib/jsch-0.1.53.jar
7f6b7484b000-7f6b7484e000 r--s 0001b000 08:01 533158                     /opt/halyard/lib/json-smart-2.2.1.jar
7f6b7484e000-7f6b74850000 r--s 00006000 08:01 533234                     /opt/halyard/lib/jackson-coreutils-1.6.jar
7f6b74850000-7f6b74853000 r--s 00007000 08:01 533110                     /opt/halyard/lib/system-rules-1.16.1.jar
7f6b74853000-7f6b7485c000 r--s 0006f000 08:01 533376                     /opt/halyard/lib/log4j-1.2.17.jar
7f6b7485c000-7f6b7485e000 r--s 00005000 08:01 533121                     /opt/halyard/lib/okhttp-ws-2.7.5.jar
7f6b7485e000-7f6b74863000 r--s 00041000 08:01 533170                     /opt/halyard/lib/commons-lang-2.6.jar
7f6b74863000-7f6b7486a000 r--s 0003f000 08:01 533171                     /opt/halyard/lib/commons-codec-1.10.jar
7f6b7486a000-7f6b74881000 r--s 0026c000 08:01 533155                     /opt/halyard/lib/client-java-proto-1.0.0-beta1.jar
7f6b74881000-7f6b748e2000 r--s 003aa000 08:01 533414                     /opt/halyard/lib/client-java-api-1.0.0-beta1.jar
7f6b748e2000-7f6b748e6000 r--s 00020000 08:01 533476                     /opt/halyard/lib/spectator-api-0.75.0.jar
7f6b748e6000-7f6b748f1000 r--s 00053000 08:01 533331                     /opt/halyard/lib/spring-security-web-4.2.3.RELEASE.jar
7f6b748f1000-7f6b748fd000 r--s 00056000 08:01 533491                     /opt/halyard/lib/spring-security-core-4.2.3.RELEASE.jar
7f6b748fd000-7f6b74907000 r--s 00086000 08:01 533309                     /opt/halyard/lib/spring-security-config-4.2.3.RELEASE.jar
7f6b74907000-7f6b74908000 r--s 00006000 08:01 533433                     /opt/halyard/lib/fiat-api-0.49.8.jar
7f6b74908000-7f6b7491b000 r--s 000ca000 08:01 533510                     /opt/halyard/lib/aws-java-sdk-s3-1.11.409.jar
7f6b7491b000-7f6b7491d000 r--s 0000d000 08:01 533422                     /opt/halyard/lib/clouddriver-security-2.88.4.jar
7f6b7491d000-7f6b7491f000 r--s 00008000 08:01 533293                     /opt/halyard/lib/cats-dynomite-2.88.4.jar
7f6b7491f000-7f6b74921000 r--s 0000b000 08:01 533266                     /opt/halyard/lib/cats-redis-2.88.4.jar
7f6b74921000-7f6b74924000 r--s 0000b000 08:01 533169                     /opt/halyard/lib/cats-core-2.88.4.jar
7f6b74924000-7f6b74930000 r--s 0006f000 08:01 533225                     /opt/halyard/lib/logstash-logback-encoder-4.11.jar
7f6b74930000-7f6b7493c000 r--s 0007c000 08:01 533504                     /opt/halyard/lib/jedis-2.9.0.jar
7f6b7493c000-7f6b74946000 r--s 00062000 08:01 533481                     /opt/halyard/lib/eureka-client-1.9.2.jar
7f6b74946000-7f6b74949000 r--s 00016000 08:01 533404                     /opt/halyard/lib/kork-web-2.3.0.jar
7f6b74949000-7f6b7494c000 r--s 0000b000 08:01 533471                     /opt/halyard/lib/kork-core-2.3.0.jar
7f6b7494c000-7f6b7494e000 r--s 0000c000 08:01 533142                     /opt/halyard/lib/commons-exec-1.3.jar
7f6b7494e000-7f6b7494f000 r--s 00000000 08:01 533502                     /opt/halyard/lib/spring-boot-starter-data-rest-1.5.4.RELEASE.jar
7f6b7494f000-7f6b74950000 r--s 00000000 08:01 533308                     /opt/halyard/lib/converter-jackson-1.9.0.jar
7f6b74950000-7f6b74951000 r--s 00001000 08:01 533145                     /opt/halyard/lib/okhttp-apache-2.7.0.jar
7f6b74951000-7f6b74952000 r--s 00004000 08:01 533223                     /opt/halyard/lib/okhttp-urlconnection-2.7.0.jar
7f6b74952000-7f6b74956000 r--s 0001a000 08:01 533258                     /opt/halyard/lib/retrofit-1.9.0.jar
7f6b74956000-7f6b7497e000 r--s 001cf000 08:01 533127                     /opt/halyard/lib/guava-jdk5-17.0.jar
7f6b7497e000-7f6b74980000 r--s 0000e000 08:01 533425                     /opt/halyard/lib/commons-logging-1.2.jar
7f6b74980000-7f6b74982000 r--s 00004000 08:01 533347                     /opt/halyard/lib/log4j-over-slf4j-1.7.25.jar
7f6b74982000-7f6b74984000 r--s 00003000 08:01 533338                     /opt/halyard/lib/jcl-over-slf4j-1.7.25.jar
7f6b74984000-7f6b7498b000 r--s 00045000 08:01 533367                     /opt/halyard/lib/logback-classic-1.1.11.jar
7f6b7498b000-7f6b7498e000 r--s 00014000 08:01 533386                     /opt/halyard/lib/instrumentation-api-0.4.3.jar
7f6b7498e000-7f6b74990000 r--s 00000000 08:01 533490                     /opt/halyard/lib/grpc-protobuf-nano-1.8.0.jar
7f6b74990000-7f6b74993000 r--s 00022000 08:01 533138                     /opt/halyard/lib/grpc-okhttp-1.8.0.jar
7f6b74993000-7f6b74995000 r--s 00002000 08:01 533125                     /opt/halyard/lib/grpc-auth-1.8.0.jar
7f6b74995000-7f6b749a5000 r--s 000b6000 08:01 533150                     /opt/halyard/lib/dependency-management-plugin-0.6.1.RELEASE.jar
7f6b749a5000-7f6b749a8000 r--s 00022000 08:01 533389                     /opt/halyard/lib/spring-boot-loader-tools-1.5.4.RELEASE.jar
7f6b749a8000-7f6b749b5000 r--s 00083000 08:01 533388                     /opt/halyard/lib/spock-core-1.0-groovy-2.4.jar
7f6b749b5000-7f6b749c0000 r--s 00115000 08:01 533267                     /opt/halyard/lib/proto-google-common-protos-1.0.5.jar
7f6b749c0000-7f6b749c4000 r--s 0000f000 08:01 533397                     /opt/halyard/lib/annotations-3.0.0.jar
7f6b749c4000-7f6b749ca000 r--s 00044000 08:01 533102                     /opt/halyard/lib/jsoup-1.8.1.jar
7f6b749ca000-7f6b749d4000 r--s 000aa000 08:01 533118                     /opt/halyard/lib/javassist-3.21.0-GA.jar
7f6b749d4000-7f6b749d7000 r--s 00013000 08:01 533469                     /opt/halyard/lib/commons-io-1.3.2.jar
7f6b749d7000-7f6b749dd000 r--s 00045000 08:01 532649                     /opt/halyard/lib/commons-net-3.5.jar
7f6b749dd000-7f6b749de000 r--s 00003000 08:01 533363                     /opt/halyard/lib/openstack4j-jersey2-3.1.0.jar
7f6b749de000-7f6b74a1b000 r--s 001a5000 08:01 533356                     /opt/halyard/lib/openstack4j-core-3.1.0.jar
7f6b74a1b000-7f6b74a25000 r--s 000a1000 08:01 533220                     /opt/halyard/lib/azure-storage-3.1.0.jar
7f6b74a25000-7f6b74a26000 r--s 00002000 08:01 533392                     /opt/halyard/lib/azure-client-authentication-1.0.0-beta1.jar
7f6b74a26000-7f6b74a30000 r--s 0004c000 08:01 533190                     /opt/halyard/lib/azure-mgmt-resources-1.0.0-beta1.jar
7f6b74a30000-7f6b74a33000 r--s 0000e000 08:01 533400                     /opt/halyard/lib/azure-mgmt-storage-1.0.0-beta1.jar
7f6b74a33000-7f6b74a45000 r--s 00086000 08:01 533196                     /opt/halyard/lib/azure-mgmt-network-1.0.0-beta1.jar
7f6b74a45000-7f6b74a50000 r--s 0004e000 08:01 533151                     /opt/halyard/lib/azure-mgmt-compute-1.0.0-beta1.jar
7f6b74a50000-7f6b74a52000 r--s 00010000 08:01 533340                     /opt/halyard/lib/adal4j-1.1.2.jar
7f6b74a52000-7f6b74a75000 r--s 00222000 08:01 533088                     /opt/halyard/lib/org.eclipse.jgit-4.5.0.201609210915-r.jar
7f6b74a75000-7f6b74a79000 r--s 00021000 08:01 533513                     /opt/halyard/lib/google-api-services-appengine-v1-rev32-1.23.0.jar
7f6b74a79000-7f6b74a7e000 r--s 0002e000 08:01 533241                     /opt/halyard/lib/json-path-2.2.0.jar
7f6b74a7e000-7f6b74a7f000 r--s 00001000 08:01 533416                     /opt/halyard/lib/moniker-0.2.0.jar
7f6b74a7f000-7f6b74a81000 r--s 00009000 08:01 533443                     /opt/halyard/lib/json-patch-1.9.jar
7f6b74a81000-7f6b74a83000 r--s 00007000 08:01 533148                     /opt/halyard/lib/client-java-1.0.0-beta1.jar
7f6b74a83000-7f6b74a85000 r--s 00001000 08:01 533441                     /opt/halyard/lib/kork-artifacts-2.3.0.jar
7f6b74a85000-7f6b74a90000 r--s 00065000 08:01 533128                     /opt/halyard/lib/kubernetes-client-4.0.0.jar
7f6b74a90000-7f6b74a92000 r--s 00000000 08:01 533336                     /opt/halyard/lib/jul-to-slf4j-1.7.25.jar
7f6b74a92000-7f6b74a96000 r--s 00015000 08:01 533269                     /opt/halyard/lib/google-api-services-iam-v1-rev225-1.23.0.jar
7f6b74a96000-7f6b74a98000 r--s 00003000 08:01 533264                     /opt/halyard/lib/frigga-0.18.0.jar
7f6b74a98000-7f6b74a99000 r--s 00001000 08:01 533402                     /opt/halyard/lib/google-http-client-jackson2-1.23.0.jar
7f6b74a99000-7f6b74aba000 r--s 00168000 08:01 533399                     /opt/halyard/lib/google-api-services-compute-alpha-rev57-1.23.0.jar
7f6b74aba000-7f6b74abc000 r--s 00005000 08:01 533346                     /opt/halyard/lib/clouddriver-google-common-2.88.4.jar
7f6b74abc000-7f6b74abf000 r--s 00010000 08:01 533189                     /opt/halyard/lib/clouddriver-consul-2.88.4.jar
7f6b74abf000-7f6b74ac2000 r--s 00012000 08:01 533380                     /opt/halyard/lib/clouddriver-artifacts-2.88.4.jar
7f6b74ac2000-7f6b74ace000 r--s 0008a000 08:01 533209                     /opt/halyard/lib/clouddriver-core-2.88.4.jar
7f6b74ace000-7f6b74b3e000 r--s 00645000 08:01 533206                     /opt/halyard/lib/groovy-all-2.4.11.jar
7f6b74b3e000-7f6b74b40000 r--s 00009000 08:01 533172                     /opt/halyard/lib/slf4j-api-1.7.25.jar
7f6b74b40000-7f6b74b45000 r--s 00048000 08:01 533255                     /opt/halyard/lib/dnsjava-2.1.8.jar
7f6b74b45000-7f6b74b46000 r--s 0000f000 08:01 533350                     /opt/halyard/lib/json-20140107.jar
7f6b74b46000-7f6b74b47000 r--s 00009000 08:01 533394                     /opt/halyard/lib/jackson-dataformat-yaml-2.8.8.jar
7f6b74b47000-7f6b74b4a000 r--s 00020000 08:01 533317                     /opt/halyard/lib/fabric8-utils-2.2.216.jar
7f6b74b4a000-7f6b74b4f000 r--s 00023000 08:01 533330                     /opt/halyard/lib/openshift-client-2.4.1.jar
7f6b74b4f000-7f6b74b54000 r--s 0003c000 08:01 533254                     /opt/halyard/lib/spring-expression-4.3.9.RELEASE.jar
7f6b74b54000-7f6b74b62000 r--s 000ad000 08:01 533303                     /opt/halyard/lib/spring-beans-4.3.9.RELEASE.jar
7f6b74b62000-7f6b74b6b000 r--s 00054000 08:01 533288                     /opt/halyard/lib/spring-aop-4.3.9.RELEASE.jar
7f6b74b6b000-7f6b74b6e000 r--s 00042000 08:01 533179                     /opt/halyard/lib/jackson-core-2.8.8.jar
7f6b74b6e000-7f6b74b71000 r--s 0000b000 08:01 533154                     /opt/halyard/lib/jackson-annotations-2.8.0.jar
7f6b74b71000-7f6b74b73000 r--s 0000e000 08:01 533239                     /opt/halyard/lib/classmate-1.3.3.jar
7f6b74b73000-7f6b74b76000 r--s 0000e000 08:01 533273                     /opt/halyard/lib/jboss-logging-3.3.1.Final.jar
7f6b74b76000-7f6b74b7a000 r--s 0000c000 08:01 533424                     /opt/halyard/lib/validation-api-1.1.0.Final.jar
7f6b74b7a000-7f6b74b80000 r--s 00036000 08:01 533278                     /opt/halyard/lib/tomcat-embed-websocket-8.5.15.jar
7f6b74b80000-7f6b74b85000 r--s 00036000 08:01 533123                     /opt/halyard/lib/tomcat-embed-el-8.5.15.jar
7f6b74b85000-7f6b74baf000 r--s 002c0000 08:01 533409                     /opt/halyard/lib/tomcat-embed-core-8.5.15.jar
7f6b74baf000-7f6b74bc8000 r--s 000fe000 08:01 533419                     /opt/halyard/lib/spring-context-4.3.9.RELEASE.jar
7f6b74bc8000-7f6b74bce000 r--s 0003d000 08:01 533417                     /opt/halyard/lib/snakeyaml-1.17.jar
7f6b74bce000-7f6b74be4000 r--s 000fc000 08:01 533342                     /opt/halyard/lib/spring-core-4.3.9.RELEASE.jar
7f6b74be4000-7f6b74be5000 r--s 00000000 08:01 533157                     /opt/halyard/lib/spring-boot-starter-logging-1.5.4.RELEASE.jar
7f6b74be5000-7f6b74c05000 r--s 000e5000 08:01 533173                     /opt/halyard/lib/spring-boot-autoconfigure-1.5.4.RELEASE.jar
7f6b74c05000-7f6b74c15000 r--s 00095000 08:01 533369                     /opt/halyard/lib/spring-boot-1.5.4.RELEASE.jar
7f6b74c15000-7f6b74c16000 r--s 00000000 08:01 533231                     /opt/halyard/lib/animal-sniffer-annotations-1.14.jar
7f6b74c16000-7f6b74c18000 r--s 00001000 08:01 533270                     /opt/halyard/lib/j2objc-annotations-1.1.jar
7f6b74c18000-7f6b74c2a000 r--s 00042000 08:01 533152                     /opt/halyard/lib/checker-qual-2.0.0.jar
7f6b74c2a000-7f6b74c35000 r--s 000e9000 08:01 533489                     /opt/halyard/lib/grpc-services-1.11.0.jar
7f6b74c35000-7f6b74c3a000 r--s 0002b000 08:01 533245                     /opt/halyard/lib/grpc-netty-1.11.0.jar
7f6b74c3a000-7f6b74c3b000 r--s 00000000 08:01 533468                     /opt/halyard/lib/grpc-all-1.8.0.jar
7f6b74c3b000-7f6b74c3d000 r--s 0000a000 08:01 533305                     /opt/halyard/lib/spring-boot-gradle-plugin-1.4.7.RELEASE.jar
7f6b74c3d000-7f6b74c3e000 r--s 00001000 08:01 533430                     /opt/halyard/lib/spock-spring-1.0-groovy-2.4.jar
7f6b74c3e000-7f6b74c48000 r--s 00078000 08:01 533335                     /opt/halyard/lib/commons-compress-1.14.jar
7f6b74c48000-7f6b74c49000 r--s 00002000 08:01 533105                     /opt/halyard/lib/grpc-google-common-protos-1.0.5.jar
7f6b74c49000-7f6b74c53000 r--s 00068000 08:01 533423                     /opt/halyard/lib/jinjava-2.2.3.jar
7f6b74c53000-7f6b74c55000 r--s 0000e000 08:01 533447                     /opt/halyard/lib/jcommander-1.48.jar
7f6b74c55000-7f6b74c59000 r--s 0001c000 08:01 533426                     /opt/halyard/lib/google-api-services-storage-v1-rev116-1.23.0.jar
7f6b74c59000-7f6b74c83000 r--s 00258000 08:01 533177                     /opt/halyard/lib/clouddriver-aws-2.88.4.jar
7f6b74c83000-7f6b74c9a000 r--s 00126000 08:01 533246                     /opt/halyard/lib/clouddriver-openstack-2.88.4.jar
7f6b74c9a000-7f6b74caf000 r--s 00100000 08:01 533494                     /opt/halyard/lib/clouddriver-azure-2.88.4.jar
7f6b74caf000-7f6b74cd3000 r--s 001bf000 08:01 533312                     /opt/halyard/lib/clouddriver-kubernetes-2.88.4.jar
7f6b74cd3000-7f6b74cfd000 r--s 00258000 08:01 533159                     /opt/halyard/lib/clouddriver-google-2.88.4.jar
7f6b74cfd000-7f6b74cfe000 ---p 00000000 00:00 0 
7f6b74cfe000-7f6b74dfe000 rw-p 00000000 00:00 0 
7f6b74dfe000-7f6b74e01000 ---p 00000000 00:00 0 
7f6b74e01000-7f6b74eff000 rw-p 00000000 00:00 0 
7f6b74eff000-7f6b74f02000 ---p 00000000 00:00 0 
7f6b74f02000-7f6b75000000 rw-p 00000000 00:00 0 
7f6b75000000-7f6b75380000 rwxp 00000000 00:00 0 
7f6b75380000-7f6b84000000 ---p 00000000 00:00 0 
7f6b84000000-7f6b855d3000 rw-p 00000000 00:00 0 
7f6b855d3000-7f6b88000000 ---p 00000000 00:00 0 
7f6b88000000-7f6b88002000 r--s 00002000 08:01 533500                     /opt/halyard/lib/front50-s3-1.95.0.jar
7f6b88002000-7f6b88004000 r--s 00003000 08:01 533329                     /opt/halyard/lib/front50-gcs-1.72.0.jar
7f6b88004000-7f6b88010000 r--s 00083000 08:01 533442                     /opt/halyard/lib/clouddriver-appengine-2.88.4.jar
7f6b88010000-7f6b88015000 r--s 00029000 08:01 533097                     /opt/halyard/lib/clouddriver-docker-2.88.4.jar
7f6b88015000-7f6b88017000 r--s 0001c000 08:01 533405                     /opt/halyard/lib/kubernetes-api-2.2.216.jar
7f6b88017000-7f6b8801a000 r--s 00013000 08:01 533093                     /opt/halyard/lib/google-api-services-cloudkms-v1-rev8-1.22.0.jar
7f6b8801a000-7f6b8802b000 r--s 000cf000 08:01 533327                     /opt/halyard/lib/spring-webmvc-4.3.9.RELEASE.jar
7f6b8802b000-7f6b8803d000 r--s 000b7000 08:01 533185                     /opt/halyard/lib/spring-web-4.3.9.RELEASE.jar
7f6b8803d000-7f6b8804f000 r--s 0011d000 08:01 533165                     /opt/halyard/lib/jackson-databind-2.8.8.jar
7f6b8804f000-7f6b88060000 r--s 000a1000 08:01 533112                     /opt/halyard/lib/hibernate-validator-5.3.5.Final.jar
7f6b88060000-7f6b88061000 r--s 00000000 08:01 533316                     /opt/halyard/lib/spring-boot-starter-tomcat-1.5.4.RELEASE.jar
7f6b88061000-7f6b88071000 r--s 00078000 08:01 533453                     /opt/halyard/lib/spring-boot-actuator-1.5.4.RELEASE.jar
7f6b88071000-7f6b88072000 r--s 00000000 08:01 533515                     /opt/halyard/lib/spring-boot-starter-1.5.4.RELEASE.jar
7f6b88072000-7f6b880a3000 r--s 00259000 08:01 533107                     /opt/halyard/lib/guava-23.5-jre.jar
7f6b880a3000-7f6b880a4000 r--s 00003000 08:01 533176                     /opt/halyard/lib/grpc-spring-boot-starter-2.3.2.jar
7f6b880a4000-7f6b880a5000 r--s 00005000 08:01 533143                     /opt/halyard/lib/halyard-proto-1.11.0-20181005142503.jar
7f6b880a5000-7f6b880b4000 r--s 000b7000 08:01 533396                     /opt/halyard/lib/halyard-deploy-1.11.0-20181005142503.jar
7f6b880b4000-7f6b880b8000 r--s 0001b000 08:01 533201                     /opt/halyard/lib/halyard-core-1.11.0-20181005142503.jar
7f6b880b8000-7f6b880c4000 r--s 0007f000 08:01 533412                     /opt/halyard/lib/halyard-config-1.11.0-20181005142503.jar
7f6b880c4000-7f6b880d8000 r--s 0008d000 08:01 533473                     /opt/halyard/lib/halyard-cli-1.11.0-20181005142503.jar
7f6b880d8000-7f6b880da000 r--s 00004000 08:01 533162                     /opt/halyard/lib/halyard-backup-1.11.0-20181005142503.jar
7f6b880da000-7f6b880ef000 r--s 00161000 08:01 533181                     /opt/halyard/lib/lombok-1.16.20.jar
7f6b880ef000-7f6b880f0000 r--s 00000000 08:01 533353                     /opt/halyard/lib/spring-boot-starter-web-1.5.10.RELEASE.jar
7f6b880f0000-7f6b880f2000 r--s 00017000 08:01 533104                     /opt/halyard/lib/halyard-web-1.11.0-20181005142503.jar
7f6b880f2000-7f6b880fc000 r--s 00116000 08:01 277207                     /usr/lib/jvm/java-8-openjdk-amd64/jre/lib/ext/localedata.jar
7f6b880fc000-7f6b880ff000 ---p 00000000 00:00 0 
7f6b880ff000-7f6b881fd000 rw-p 00000000 00:00 0 
7f6b881fd000-7f6b88200000 ---p 00000000 00:00 0 
7f6b88200000-7f6b882fe000 rw-p 00000000 00:00 0 
7f6b882fe000-7f6b88598000 r--p 00000000 08:01 150106                     /usr/lib/locale/locale-archive
7f6b88598000-7f6b8859b000 ---p 00000000 00:00 0 
7f6b8859b000-7f6b88699000 rw-p 00000000 00:00 0 
7f6b88699000-7f6b8869c000 ---p 00000000 00:00 0 
7f6b8869c000-7f6b8879a000 rw-p 00000000 00:00 0 
7f6b8879a000-7f6b8879b000 ---p 00000000 00:00 0 
7f6b8879b000-7f6b888e9000 rw-p 00000000 00:00 0 
7f6b888e9000-7f6b88ab8000 r--s 03c32000 08:01 277232                     /usr/lib/jvm/java-8-openjdk-amd64/jre/lib/rt.jar
7f6b88ab8000-7f6b88b89000 rw-p 00000000 00:00 0 
7f6b88b89000-7f6b89209000 rw-p 00000000 00:00 0 
7f6b89209000-7f6b89389000 ---p 00000000 00:00 0 
7f6b89389000-7f6b89397000 rw-p 00000000 00:00 0 
7f6b89397000-7f6b89749000 ---p 00000000 00:00 0 
7f6b89749000-7f6b89751000 r-xp 00000000 08:01 277189                     /usr/lib/jvm/java-8-openjdk-amd64/jre/lib/amd64/libzip.so
7f6b89751000-7f6b89950000 ---p 00008000 08:01 277189                     /usr/lib/jvm/java-8-openjdk-amd64/jre/lib/amd64/libzip.so
7f6b89950000-7f6b89951000 r--p 00007000 08:01 277189                     /usr/lib/jvm/java-8-openjdk-amd64/jre/lib/amd64/libzip.so
7f6b89951000-7f6b89952000 rw-p 00008000 08:01 277189                     /usr/lib/jvm/java-8-openjdk-amd64/jre/lib/amd64/libzip.so
7f6b89952000-7f6b8995c000 r-xp 00000000 08:01 524453                     /lib/x86_64-linux-gnu/libnss_files-2.24.so
7f6b8995c000-7f6b89b5c000 ---p 0000a000 08:01 524453                     /lib/x86_64-linux-gnu/libnss_files-2.24.so
7f6b89b5c000-7f6b89b5d000 r--p 0000a000 08:01 524453                     /lib/x86_64-linux-gnu/libnss_files-2.24.so
7f6b89b5d000-7f6b89b5e000 rw-p 0000b000 08:01 524453                     /lib/x86_64-linux-gnu/libnss_files-2.24.so
7f6b89b5e000-7f6b89b64000 rw-p 00000000 00:00 0 
7f6b89b64000-7f6b89b6f000 r-xp 00000000 08:01 524761                     /lib/x86_64-linux-gnu/libnss_nis-2.24.so
7f6b89b6f000-7f6b89d6e000 ---p 0000b000 08:01 524761                     /lib/x86_64-linux-gnu/libnss_nis-2.24.so
7f6b89d6e000-7f6b89d6f000 r--p 0000a000 08:01 524761                     /lib/x86_64-linux-gnu/libnss_nis-2.24.so
7f6b89d6f000-7f6b89d70000 rw-p 0000b000 08:01 524761                     /lib/x86_64-linux-gnu/libnss_nis-2.24.so
7f6b89d70000-7f6b89d84000 r-xp 00000000 08:01 524398                     /lib/x86_64-linux-gnu/libnsl-2.24.so
7f6b89d84000-7f6b89f84000 ---p 00014000 08:01 524398                     /lib/x86_64-linux-gnu/libnsl-2.24.so
7f6b89f84000-7f6b89f85000 r--p 00014000 08:01 524398                     /lib/x86_64-linux-gnu/libnsl-2.24.so
7f6b89f85000-7f6b89f86000 rw-p 00015000 08:01 524398                     /lib/x86_64-linux-gnu/libnsl-2.24.so
7f6b89f86000-7f6b89f88000 rw-p 00000000 00:00 0 
7f6b89f88000-7f6b89f8f000 r-xp 00000000 08:01 524399                     /lib/x86_64-linux-gnu/libnss_compat-2.24.so
7f6b89f8f000-7f6b8a18e000 ---p 00007000 08:01 524399                     /lib/x86_64-linux-gnu/libnss_compat-2.24.so
7f6b8a18e000-7f6b8a18f000 r--p 00006000 08:01 524399                     /lib/x86_64-linux-gnu/libnss_compat-2.24.so
7f6b8a18f000-7f6b8a190000 rw-p 00007000 08:01 524399                     /lib/x86_64-linux-gnu/libnss_compat-2.24.so
7f6b8a190000-7f6b8a1bd000 r-xp 00000000 08:01 277170                     /usr/lib/jvm/java-8-openjdk-amd64/jre/lib/amd64/libjava.so
7f6b8a1bd000-7f6b8a3bd000 ---p 0002d000 08:01 277170                     /usr/lib/jvm/java-8-openjdk-amd64/jre/lib/amd64/libjava.so
7f6b8a3bd000-7f6b8a3be000 r--p 0002d000 08:01 277170                     /usr/lib/jvm/java-8-openjdk-amd64/jre/lib/amd64/libjava.so
7f6b8a3be000-7f6b8a3c0000 rw-p 0002e000 08:01 277170                     /usr/lib/jvm/java-8-openjdk-amd64/jre/lib/amd64/libjava.so
7f6b8a3c0000-7f6b8a3cf000 r-xp 00000000 08:01 277188                     /usr/lib/jvm/java-8-openjdk-amd64/jre/lib/amd64/libverify.so
7f6b8a3cf000-7f6b8a5cf000 ---p 0000f000 08:01 277188                     /usr/lib/jvm/java-8-openjdk-amd64/jre/lib/amd64/libverify.so
7f6b8a5cf000-7f6b8a5d1000 r--p 0000f000 08:01 277188                     /usr/lib/jvm/java-8-openjdk-amd64/jre/lib/amd64/libverify.so
7f6b8a5d1000-7f6b8a5d2000 rw-p 00011000 08:01 277188                     /usr/lib/jvm/java-8-openjdk-amd64/jre/lib/amd64/libverify.so
7f6b8a5d2000-7f6b8a5d9000 r-xp 00000000 08:01 524792                     /lib/x86_64-linux-gnu/librt-2.24.so
7f6b8a5d9000-7f6b8a7d8000 ---p 00007000 08:01 524792                     /lib/x86_64-linux-gnu/librt-2.24.so
7f6b8a7d8000-7f6b8a7d9000 r--p 00006000 08:01 524792                     /lib/x86_64-linux-gnu/librt-2.24.so
7f6b8a7d9000-7f6b8a7da000 rw-p 00007000 08:01 524792                     /lib/x86_64-linux-gnu/librt-2.24.so
7f6b8a7da000-7f6b8a7f0000 r-xp 00000000 08:01 524378                     /lib/x86_64-linux-gnu/libgcc_s.so.1
7f6b8a7f0000-7f6b8a9ef000 ---p 00016000 08:01 524378                     /lib/x86_64-linux-gnu/libgcc_s.so.1
7f6b8a9ef000-7f6b8a9f0000 r--p 00015000 08:01 524378                     /lib/x86_64-linux-gnu/libgcc_s.so.1
7f6b8a9f0000-7f6b8a9f1000 rw-p 00016000 08:01 524378                     /lib/x86_64-linux-gnu/libgcc_s.so.1
7f6b8a9f1000-7f6b8aaf4000 r-xp 00000000 08:01 524395                     /lib/x86_64-linux-gnu/libm-2.24.so
7f6b8aaf4000-7f6b8acf3000 ---p 00103000 08:01 524395                     /lib/x86_64-linux-gnu/libm-2.24.so
7f6b8acf3000-7f6b8acf4000 r--p 00102000 08:01 524395                     /lib/x86_64-linux-gnu/libm-2.24.so
7f6b8acf4000-7f6b8acf5000 rw-p 00103000 08:01 524395                     /lib/x86_64-linux-gnu/libm-2.24.so
7f6b8acf5000-7f6b8ae67000 r-xp 00000000 08:01 135933                     /usr/lib/x86_64-linux-gnu/libstdc++.so.6.0.22
7f6b8ae67000-7f6b8b067000 ---p 00172000 08:01 135933                     /usr/lib/x86_64-linux-gnu/libstdc++.so.6.0.22
7f6b8b067000-7f6b8b071000 r--p 00172000 08:01 135933                     /usr/lib/x86_64-linux-gnu/libstdc++.so.6.0.22
7f6b8b071000-7f6b8b073000 rw-p 0017c000 08:01 135933                     /usr/lib/x86_64-linux-gnu/libstdc++.so.6.0.22
7f6b8b073000-7f6b8b077000 rw-p 00000000 00:00 0 
7f6b8b077000-7f6b8bcd6000 r-xp 00000000 08:01 277192                     /usr/lib/jvm/java-8-openjdk-amd64/jre/lib/amd64/server/libjvm.so
7f6b8bcd6000-7f6b8bed5000 ---p 00c5f000 08:01 277192                     /usr/lib/jvm/java-8-openjdk-amd64/jre/lib/amd64/server/libjvm.so
7f6b8bed5000-7f6b8bf69000 r--p 00c5e000 08:01 277192                     /usr/lib/jvm/java-8-openjdk-amd64/jre/lib/amd64/server/libjvm.so
7f6b8bf69000-7f6b8bf92000 rw-p 00cf2000 08:01 277192                     /usr/lib/jvm/java-8-openjdk-amd64/jre/lib/amd64/server/libjvm.so
7f6b8bf92000-7f6b8bfc2000 rw-p 00000000 00:00 0 
7f6b8bfc2000-7f6b8c157000 r-xp 00000000 08:01 524391                     /lib/x86_64-linux-gnu/libc-2.24.so
7f6b8c157000-7f6b8c357000 ---p 00195000 08:01 524391                     /lib/x86_64-linux-gnu/libc-2.24.so
7f6b8c357000-7f6b8c35b000 r--p 00195000 08:01 524391                     /lib/x86_64-linux-gnu/libc-2.24.so
7f6b8c35b000-7f6b8c35d000 rw-p 00199000 08:01 524391                     /lib/x86_64-linux-gnu/libc-2.24.so
7f6b8c35d000-7f6b8c361000 rw-p 00000000 00:00 0 
7f6b8c361000-7f6b8c364000 r-xp 00000000 08:01 524394                     /lib/x86_64-linux-gnu/libdl-2.24.so
7f6b8c364000-7f6b8c563000 ---p 00003000 08:01 524394                     /lib/x86_64-linux-gnu/libdl-2.24.so
7f6b8c563000-7f6b8c564000 r--p 00002000 08:01 524394                     /lib/x86_64-linux-gnu/libdl-2.24.so
7f6b8c564000-7f6b8c565000 rw-p 00003000 08:01 524394                     /lib/x86_64-linux-gnu/libdl-2.24.so
7f6b8c565000-7f6b8c572000 r-xp 00000000 08:01 277156                     /usr/lib/jvm/java-8-openjdk-amd64/jre/lib/amd64/jli/libjli.so
7f6b8c572000-7f6b8c772000 ---p 0000d000 08:01 277156                     /usr/lib/jvm/java-8-openjdk-amd64/jre/lib/amd64/jli/libjli.so
7f6b8c772000-7f6b8c773000 r--p 0000d000 08:01 277156                     /usr/lib/jvm/java-8-openjdk-amd64/jre/lib/amd64/jli/libjli.so
7f6b8c773000-7f6b8c774000 rw-p 0000e000 08:01 277156                     /usr/lib/jvm/java-8-openjdk-amd64/jre/lib/amd64/jli/libjli.so
7f6b8c774000-7f6b8c78d000 r-xp 00000000 08:01 524677                     /lib/x86_64-linux-gnu/libz.so.1.2.8
7f6b8c78d000-7f6b8c98c000 ---p 00019000 08:01 524677                     /lib/x86_64-linux-gnu/libz.so.1.2.8
7f6b8c98c000-7f6b8c98d000 r--p 00018000 08:01 524677                     /lib/x86_64-linux-gnu/libz.so.1.2.8
7f6b8c98d000-7f6b8c98e000 rw-p 00019000 08:01 524677                     /lib/x86_64-linux-gnu/libz.so.1.2.8
7f6b8c98e000-7f6b8c9a6000 r-xp 00000000 08:01 524788                     /lib/x86_64-linux-gnu/libpthread-2.24.so
7f6b8c9a6000-7f6b8cba5000 ---p 00018000 08:01 524788                     /lib/x86_64-linux-gnu/libpthread-2.24.so
7f6b8cba5000-7f6b8cba6000 r--p 00017000 08:01 524788                     /lib/x86_64-linux-gnu/libpthread-2.24.so
7f6b8cba6000-7f6b8cba7000 rw-p 00018000 08:01 524788                     /lib/x86_64-linux-gnu/libpthread-2.24.so
7f6b8cba7000-7f6b8cbab000 rw-p 00000000 00:00 0 
7f6b8cbab000-7f6b8cbce000 r-xp 00000000 08:01 524387                     /lib/x86_64-linux-gnu/ld-2.24.so
7f6b8cbce000-7f6b8cbcf000 r--s 00000000 08:01 533219                     /opt/halyard/lib/spring-boot-starter-actuator-1.5.10.RELEASE.jar
7f6b8cbcf000-7f6b8cbd1000 r--s 00008000 08:01 277209                     /usr/lib/jvm/java-8-openjdk-amd64/jre/lib/ext/sunec.jar
7f6b8cbd1000-7f6b8cbec000 r--s 00394000 08:01 277203                     /usr/lib/jvm/java-8-openjdk-amd64/jre/lib/ext/cldrdata.jar
7f6b8cbec000-7f6b8cbef000 r--s 0000f000 08:01 277205                     /usr/lib/jvm/java-8-openjdk-amd64/jre/lib/ext/icedtea-sound.jar
7f6b8cbef000-7f6b8cbf1000 r--s 00001000 08:01 277204                     /usr/lib/jvm/java-8-openjdk-amd64/jre/lib/ext/dnsns.jar
7f6b8cbf1000-7f6b8cbf7000 r--s 0003b000 08:01 277210                     /usr/lib/jvm/java-8-openjdk-amd64/jre/lib/ext/sunjce_provider.jar
7f6b8cbf7000-7f6b8cbfa000 r--s 00038000 08:01 277211                     /usr/lib/jvm/java-8-openjdk-amd64/jre/lib/ext/sunpkcs11.jar
7f6b8cbfa000-7f6b8cc15000 r--s 001d6000 08:01 277208                     /usr/lib/jvm/java-8-openjdk-amd64/jre/lib/ext/nashorn.jar
7f6b8cc15000-7f6b8cc3d000 rw-p 00000000 00:00 0 
7f6b8cc3d000-7f6b8cc41000 rw-p 00000000 00:00 0 
7f6b8cc41000-7f6b8cc70000 ---p 00000000 00:00 0 
7f6b8cc70000-7f6b8cc72000 rw-p 00000000 00:00 0 
7f6b8cc72000-7f6b8cc89000 ---p 00000000 00:00 0 
7f6b8cc89000-7f6b8cc8d000 rw-p 00000000 00:00 0 
7f6b8cc8d000-7f6b8ccbb000 ---p 00000000 00:00 0 
7f6b8ccbb000-7f6b8ccbc000 rw-p 00000000 00:00 0 
7f6b8ccbc000-7f6b8ccc4000 rw-s 00000000 08:01 151477                     /tmp/hsperfdata_qicoo/28411
7f6b8ccc4000-7f6b8ccc7000 ---p 00000000 00:00 0 
7f6b8ccc7000-7f6b8cdc7000 rw-p 00000000 00:00 0 
7f6b8cdc7000-7f6b8cdc8000 r--s 00010000 08:01 277212                     /usr/lib/jvm/java-8-openjdk-amd64/jre/lib/ext/zipfs.jar
7f6b8cdc8000-7f6b8cdc9000 r--s 0000a000 08:01 277206                     /usr/lib/jvm/java-8-openjdk-amd64/jre/lib/ext/jaccess.jar
7f6b8cdc9000-7f6b8cdca000 rw-p 00000000 00:00 0 
7f6b8cdca000-7f6b8cdcb000 ---p 00000000 00:00 0 
7f6b8cdcb000-7f6b8cdce000 rw-p 00000000 00:00 0 
7f6b8cdce000-7f6b8cdcf000 r--p 00023000 08:01 524387                     /lib/x86_64-linux-gnu/ld-2.24.so
7f6b8cdcf000-7f6b8cdd0000 rw-p 00024000 08:01 524387                     /lib/x86_64-linux-gnu/ld-2.24.so
7f6b8cdd0000-7f6b8cdd1000 rw-p 00000000 00:00 0 
7fffb6e66000-7fffb6e8c000 rw-p 00000000 00:00 0                          [stack]
7fffb6e8f000-7fffb6e91000 r--p 00000000 00:00 0                          [vvar]
7fffb6e91000-7fffb6e93000 r-xp 00000000 00:00 0                          [vdso]
ffffffffff600000-ffffffffff601000 r-xp 00000000 00:00 0                  [vsyscall]

VM Arguments:
jvm_args: -Djava.security.egd=file:/dev/./urandom -Dspring.config.location=/opt/spinnaker/config/ 
java_command: com.netflix.spinnaker.halyard.cli.Main deploy apply
java_class_path (initial): /opt/halyard/config:/opt/halyard/lib/halyard-web-1.11.0-20181005142503.jar:/opt/halyard/lib/spring-boot-starter-actuator-1.5.10.RELEASE.jar:/opt/halyard/lib/spring-boot-starter-web-1.5.10.RELEASE.jar:/opt/halyard/lib/lombok-1.16.20.jar:/opt/halyard/lib/halyard-backup-1.11.0-20181005142503.jar:/opt/halyard/lib/halyard-cli-1.11.0-20181005142503.jar:/opt/halyard/lib/halyard-config-1.11.0-20181005142503.jar:/opt/halyard/lib/halyard-core-1.11.0-20181005142503.jar:/opt/halyard/lib/halyard-deploy-1.11.0-20181005142503.jar:/opt/halyard/lib/halyard-proto-1.11.0-20181005142503.jar:/opt/halyard/lib/grpc-spring-boot-starter-2.3.2.jar:/opt/halyard/lib/guava-23.5-jre.jar:/opt/halyard/lib/spring-boot-starter-1.5.4.RELEASE.jar:/opt/halyard/lib/spring-boot-actuator-1.5.4.RELEASE.jar:/opt/halyard/lib/spring-boot-starter-tomcat-1.5.4.RELEASE.jar:/opt/halyard/lib/hibernate-validator-5.3.5.Final.jar:/opt/halyard/lib/jackson-databind-2.8.8.jar:/opt/halyard/lib/spring-web-4.3.9.RELEASE.jar:/opt/halyard/lib/spring-webmvc-4.3.9.RELEASE.jar:/opt/halyard/lib/google-api-services-cloudkms-v1-rev8-1.22.0.jar:/opt/halyard/lib/kubernetes-api-2.2.216.jar:/opt/halyard/lib/clouddriver-docker-2.88.4.jar:/opt/halyard/lib/clouddriver-google-2.88.4.jar:/opt/halyard/lib/clouddriver-kubernetes-2.88.4.jar:/opt/halyard/lib/clouddriver-appengine-2.88.4.jar:/opt/halyard/lib/clouddriver-azure-2.88.4.jar:/opt/halyard/lib/clouddriver-openstack-2.88.4.jar:/opt/halyard/lib/front50-gcs-1.72.0.jar:/opt/halyard/lib/front50-s3-1.95.0.jar:/opt/halyard/lib/clouddriver-aws-2.88.4.jar:/opt/halyard/lib/google-api-services-storage-v1-rev116-1.23.0.jar:/opt/halyard/lib/jcommander-1.48.jar:/opt/halyard/lib/jinjava-2.2.3.jar:/opt/halyard/lib/grpc-google-common-protos-1.0.5.jar:/opt/halyard/lib/commons-compress-1.14.jar:/opt/halyard/lib/spock-spring-1.0-groovy-2.4.jar:/opt/halyard/lib/spring-boot-gradle-plugin-1.4.7.RELEASE.jar:/opt/halyard/lib/grpc-all-1.8.0.jar:/opt/halyard/lib/grpc-netty-1.11.0.ja
Launcher Type: SUN_STANDARD

Environment Variables:
PATH=/home/qicoo/bin:/home/qicoo/.local/bin:/home/qicoo/bin:/usr/local/bin:/usr/bin:/bin:/usr/local/games:/usr/games
SHELL=/bin/bash

Signal Handlers:
SIGSEGV: [libjvm.so+0xa74ac0], sa_mask[0]=11111111011111111101111111111110, sa_flags=SA_RESTART|SA_SIGINFO
SIGBUS: [libjvm.so+0xa74ac0], sa_mask[0]=11111111011111111101111111111110, sa_flags=SA_RESTART|SA_SIGINFO
SIGFPE: [libjvm.so+0x8bd490], sa_mask[0]=11111111011111111101111111111110, sa_flags=SA_RESTART|SA_SIGINFO
SIGPIPE: [libjvm.so+0x8bd490], sa_mask[0]=11111111011111111101111111111110, sa_flags=SA_RESTART|SA_SIGINFO
SIGXFSZ: [libjvm.so+0x8bd490], sa_mask[0]=11111111011111111101111111111110, sa_flags=SA_RESTART|SA_SIGINFO
SIGILL: [libjvm.so+0x8bd490], sa_mask[0]=11111111011111111101111111111110, sa_flags=SA_RESTART|SA_SIGINFO
SIGUSR1: SIG_DFL, sa_mask[0]=00000000000000000000000000000000, sa_flags=none
SIGUSR2: [libjvm.so+0x8bd340], sa_mask[0]=00000000000000000000000000000000, sa_flags=SA_RESTART|SA_SIGINFO
SIGHUP: [libjvm.so+0x8bd7f0], sa_mask[0]=11111111011111111101111111111110, sa_flags=SA_RESTART|SA_SIGINFO
SIGINT: [libjvm.so+0x8bd7f0], sa_mask[0]=11111111011111111101111111111110, sa_flags=SA_RESTART|SA_SIGINFO
SIGTERM: [libjvm.so+0x8bd7f0], sa_mask[0]=11111111011111111101111111111110, sa_flags=SA_RESTART|SA_SIGINFO
SIGQUIT: [libjvm.so+0x8bd7f0], sa_mask[0]=11111111011111111101111111111110, sa_flags=SA_RESTART|SA_SIGINFO


---------------  S Y S T E M  ---------------

OS:PRETTY_NAME="Debian GNU/Linux 9 (stretch)"
NAME="Debian GNU/Linux"
VERSION_ID="9"
VERSION="9 (stretch)"
ID=debian
HOME_URL="https://www.debian.org/"
SUPPORT_URL="https://www.debian.org/support"
BUG_REPORT_URL="https://bugs.debian.org/"

uname:Linux 4.9.0-8-amd64 #1 SMP Debian 4.9.110-3+deb9u6 (2018-10-08) x86_64
libc:glibc 2.24 NPTL 2.24 
rlimit: STACK 8192k, CORE 0k, NPROC 2282, NOFILE 1048576, AS infinity
load average:0.32 0.19 0.10

/proc/meminfo:
MemTotal:         606704 kB
MemFree:           39104 kB
MemAvailable:       2124 kB
Buffers:             584 kB
Cached:            13992 kB
SwapCached:            0 kB
Active:           503676 kB
Inactive:          10612 kB
Active(anon):     499916 kB
Inactive(anon):     6140 kB
Active(file):       3760 kB
Inactive(file):     4472 kB
Unevictable:           0 kB
Mlocked:               0 kB
SwapTotal:             0 kB
SwapFree:              0 kB
Dirty:               556 kB
Writeback:             0 kB
AnonPages:        499712 kB
Mapped:             6708 kB
Shmem:              6344 kB
Slab:              18808 kB
SReclaimable:       9196 kB
SUnreclaim:         9612 kB
KernelStack:        1904 kB
PageTables:         4700 kB
NFS_Unstable:          0 kB
Bounce:                0 kB
WritebackTmp:          0 kB
CommitLimit:      303352 kB
Committed_AS:     625036 kB
VmallocTotal:   34359738367 kB
VmallocUsed:           0 kB
VmallocChunk:          0 kB
HardwareCorrupted:     0 kB
AnonHugePages:         0 kB
ShmemHugePages:        0 kB
ShmemPmdMapped:        0 kB
HugePages_Total:       0
HugePages_Free:        0
HugePages_Rsvd:        0
HugePages_Surp:        0
Hugepagesize:       2048 kB
DirectMap4k:       59380 kB
DirectMap2M:      569344 kB
DirectMap1G:           0 kB


CPU:total 1 (initial active 1) (1 cores per cpu, 1 threads per core) family 6 model 79 stepping 0, cmov, cx8, fxsr, mmx, sse, sse2, sse3, ssse3, sse4.1, sse4.2, popcnt, avx, avx2, aes, clmul, erms, rtm, 3dnowpref, lzcnt, tsc, tscinvbit, bmi1, bmi2, adx

/proc/cpuinfo:
processor	: 0
vendor_id	: GenuineIntel
cpu family	: 6
model		: 79
model name	: Intel(R) Xeon(R) CPU @ 2.20GHz
stepping	: 0
microcode	: 0x1
cpu MHz		: 2200.000
cache size	: 56320 KB
physical id	: 0
siblings	: 1
core id		: 0
cpu cores	: 1
apicid		: 0
initial apicid	: 0
fpu		: yes
fpu_exception	: yes
cpuid level	: 13
wp		: yes
flags		: fpu vme de pse tsc msr pae mce cx8 apic sep mtrr pge mca cmov pat pse36 clflush mmx fxsr sse sse2 ss ht syscall nx pdpe1gb rdtscp lm constant_tsc rep_good nopl xtopology nonstop_tsc pni pclmulqdq ssse3 fma cx16 pcid sse4_1 sse4_2 x2apic movbe popcnt aes xsave avx f16c rdrand hypervisor lahf_lm abm 3dnowprefetch invpcid_single kaiser fsgsbase tsc_adjust bmi1 hle avx2 smep bmi2 erms invpcid rtm rdseed adx smap xsaveopt arch_capabilities
bugs		: cpu_meltdown spectre_v1 spectre_v2 spec_store_bypass l1tf
bogomips	: 4400.00
clflush size	: 64
cache_alignment	: 64
address sizes	: 46 bits physical, 48 bits virtual
power management:



Memory: 4k page, physical 606704k(39104k free), swap 0k(0k free)

vm_info: OpenJDK 64-Bit Server VM (25.181-b13) for linux-amd64 JRE (1.8.0_181-8u181-b13-1~deb9u1-b13), built on Aug  9 2018 22:11:51 by "pbuilder" with gcc 6.3.0 20170516

time: Tue Oct 16 10:07:30 2018
elapsed time: 12 seconds (0d 0h 0m 12s)

